<?xml version="1.0" ?>
<coverage version="4.5.1" timestamp="1635168002516" lines-valid="3290" lines-covered="369" line-rate="0.1122" branches-covered="0" branches-valid="0" branch-rate="0" complexity="0">
	<!-- Generated by coverage.py: https://coverage.readthedocs.io -->
	<!-- Based on https://raw.githubusercontent.com/cobertura/web/master/htdocs/xml/coverage-04.dtd -->
	<sources/>
	<packages>
		<package name=".Users.pers.GitHub.confidence.spotify_confidence" line-rate="0.5" branch-rate="0" complexity="0">
			<classes>
				<class name="__init__.py" filename="/Users/pers/GitHub/confidence/spotify_confidence/__init__.py" complexity="0" line-rate="1" branch-rate="0">
					<methods/>
					<lines>
						<line number="15" hits="1"/>
						<line number="16" hits="1"/>
						<line number="17" hits="1"/>
						<line number="18" hits="1"/>
						<line number="19" hits="1"/>
						<line number="20" hits="1"/>
						<line number="22" hits="1"/>
						<line number="23" hits="1"/>
						<line number="25" hits="1"/>
						<line number="27" hits="1"/>
					</lines>
				</class>
				<class name="chartgrid.py" filename="/Users/pers/GitHub/confidence/spotify_confidence/chartgrid.py" complexity="0" line-rate="0.4444" branch-rate="0">
					<methods/>
					<lines>
						<line number="16" hits="1"/>
						<line number="19" hits="1"/>
						<line number="27" hits="1"/>
						<line number="28" hits="0"/>
						<line number="29" hits="0"/>
						<line number="30" hits="0"/>
						<line number="32" hits="1"/>
						<line number="33" hits="0"/>
						<line number="34" hits="0"/>
					</lines>
				</class>
				<class name="examples.py" filename="/Users/pers/GitHub/confidence/spotify_confidence/examples.py" complexity="0" line-rate="0.1923" branch-rate="0">
					<methods/>
					<lines>
						<line number="15" hits="1"/>
						<line number="16" hits="1"/>
						<line number="17" hits="1"/>
						<line number="20" hits="1"/>
						<line number="26" hits="0"/>
						<line number="27" hits="0"/>
						<line number="28" hits="0"/>
						<line number="31" hits="0"/>
						<line number="32" hits="0"/>
						<line number="34" hits="0"/>
						<line number="36" hits="0"/>
						<line number="42" hits="0"/>
						<line number="49" hits="1"/>
						<line number="50" hits="0"/>
						<line number="292" hits="0"/>
						<line number="294" hits="0"/>
						<line number="295" hits="0"/>
						<line number="296" hits="0"/>
						<line number="297" hits="0"/>
						<line number="298" hits="0"/>
						<line number="299" hits="0"/>
						<line number="306" hits="0"/>
						<line number="378" hits="0"/>
						<line number="554" hits="0"/>
						<line number="556" hits="0"/>
						<line number="558" hits="0"/>
					</lines>
				</class>
				<class name="options.py" filename="/Users/pers/GitHub/confidence/spotify_confidence/options.py" complexity="0" line-rate="0.7333" branch-rate="0">
					<methods/>
					<lines>
						<line number="15" hits="1"/>
						<line number="18" hits="1"/>
						<line number="19" hits="1"/>
						<line number="20" hits="1"/>
						<line number="24" hits="1"/>
						<line number="26" hits="0"/>
						<line number="28" hits="1"/>
						<line number="35" hits="0"/>
						<line number="38" hits="1"/>
						<line number="39" hits="1"/>
						<line number="40" hits="1"/>
						<line number="42" hits="1"/>
						<line number="43" hits="0"/>
						<line number="46" hits="1"/>
						<line number="276" hits="0"/>
					</lines>
				</class>
			</classes>
		</package>
		<package name=".Users.pers.GitHub.confidence.spotify_confidence.analysis" line-rate="0.2222" branch-rate="0" complexity="0">
			<classes>
				<class name="__init__.py" filename="/Users/pers/GitHub/confidence/spotify_confidence/analysis/__init__.py" complexity="0" line-rate="1" branch-rate="0">
					<methods/>
					<lines/>
				</class>
				<class name="confidence_utils.py" filename="/Users/pers/GitHub/confidence/spotify_confidence/analysis/confidence_utils.py" complexity="0" line-rate="0.1034" branch-rate="0">
					<methods/>
					<lines>
						<line number="15" hits="1"/>
						<line number="16" hits="1"/>
						<line number="17" hits="1"/>
						<line number="18" hits="1"/>
						<line number="20" hits="1"/>
						<line number="27" hits="1"/>
						<line number="29" hits="1"/>
						<line number="30" hits="1"/>
						<line number="31" hits="1"/>
						<line number="36" hits="1"/>
						<line number="37" hits="1"/>
						<line number="38" hits="0"/>
						<line number="39" hits="0"/>
						<line number="41" hits="0"/>
						<line number="47" hits="1"/>
						<line number="48" hits="1"/>
						<line number="49" hits="0"/>
						<line number="50" hits="0"/>
						<line number="51" hits="0"/>
						<line number="52" hits="0"/>
						<line number="57" hits="0"/>
						<line number="58" hits="0"/>
						<line number="60" hits="0"/>
						<line number="70" hits="0"/>
						<line number="71" hits="0"/>
						<line number="72" hits="0"/>
						<line number="73" hits="0"/>
						<line number="74" hits="0"/>
						<line number="85" hits="0"/>
						<line number="86" hits="0"/>
						<line number="87" hits="0"/>
						<line number="88" hits="0"/>
						<line number="89" hits="0"/>
						<line number="90" hits="0"/>
						<line number="91" hits="0"/>
						<line number="92" hits="0"/>
						<line number="94" hits="0"/>
						<line number="97" hits="0"/>
						<line number="98" hits="0"/>
						<line number="110" hits="0"/>
						<line number="122" hits="0"/>
						<line number="136" hits="0"/>
						<line number="141" hits="0"/>
						<line number="156" hits="0"/>
						<line number="157" hits="0"/>
						<line number="159" hits="0"/>
						<line number="160" hits="0"/>
						<line number="172" hits="0"/>
						<line number="173" hits="0"/>
						<line number="177" hits="0"/>
						<line number="178" hits="0"/>
						<line number="180" hits="0"/>
						<line number="191" hits="1"/>
						<line number="192" hits="1"/>
						<line number="193" hits="0"/>
						<line number="194" hits="1"/>
						<line number="196" hits="1"/>
						<line number="197" hits="0"/>
						<line number="201" hits="1"/>
						<line number="202" hits="1"/>
						<line number="205" hits="1"/>
						<line number="221" hits="1"/>
						<line number="222" hits="0"/>
						<line number="226" hits="0"/>
						<line number="227" hits="0"/>
						<line number="233" hits="0"/>
						<line number="235" hits="0"/>
						<line number="236" hits="0"/>
						<line number="238" hits="0"/>
						<line number="239" hits="0"/>
						<line number="240" hits="0"/>
						<line number="241" hits="0"/>
						<line number="245" hits="0"/>
						<line number="249" hits="0"/>
						<line number="258" hits="0"/>
						<line number="259" hits="0"/>
						<line number="260" hits="0"/>
						<line number="261" hits="0"/>
						<line number="263" hits="0"/>
						<line number="283" hits="0"/>
						<line number="291" hits="0"/>
						<line number="316" hits="0"/>
						<line number="317" hits="0"/>
						<line number="320" hits="0"/>
						<line number="330" hits="0"/>
						<line number="350" hits="0"/>
						<line number="355" hits="0"/>
						<line number="357" hits="0"/>
						<line number="380" hits="0"/>
						<line number="383" hits="0"/>
						<line number="384" hits="0"/>
						<line number="392" hits="0"/>
						<line number="393" hits="0"/>
						<line number="397" hits="0"/>
						<line number="400" hits="0"/>
						<line number="401" hits="0"/>
						<line number="402" hits="0"/>
						<line number="417" hits="0"/>
						<line number="461" hits="0"/>
						<line number="463" hits="0"/>
						<line number="464" hits="0"/>
						<line number="465" hits="0"/>
						<line number="546" hits="0"/>
						<line number="558" hits="0"/>
						<line number="567" hits="0"/>
						<line number="568" hits="0"/>
						<line number="611" hits="0"/>
						<line number="639" hits="0"/>
						<line number="648" hits="0"/>
						<line number="649" hits="0"/>
						<line number="656" hits="0"/>
						<line number="659" hits="0"/>
						<line number="660" hits="0"/>
						<line number="661" hits="0"/>
						<line number="672" hits="0"/>
						<line number="677" hits="0"/>
						<line number="720" hits="0"/>
						<line number="723" hits="0"/>
						<line number="724" hits="0"/>
						<line number="725" hits="0"/>
						<line number="823" hits="0"/>
						<line number="835" hits="0"/>
						<line number="836" hits="0"/>
						<line number="837" hits="0"/>
						<line number="866" hits="0"/>
						<line number="871" hits="0"/>
						<line number="873" hits="0"/>
						<line number="874" hits="0"/>
						<line number="904" hits="0"/>
						<line number="905" hits="0"/>
						<line number="915" hits="0"/>
						<line number="980" hits="0"/>
						<line number="982" hits="0"/>
						<line number="983" hits="0"/>
						<line number="1091" hits="0"/>
						<line number="1108" hits="0"/>
						<line number="1129" hits="0"/>
						<line number="1131" hits="0"/>
						<line number="1159" hits="0"/>
						<line number="1160" hits="0"/>
						<line number="1161" hits="0"/>
						<line number="1164" hits="0"/>
						<line number="1168" hits="0"/>
						<line number="1179" hits="0"/>
						<line number="1192" hits="0"/>
						<line number="1193" hits="0"/>
						<line number="1194" hits="0"/>
						<line number="1195" hits="0"/>
						<line number="1238" hits="0"/>
						<line number="1240" hits="0"/>
						<line number="1241" hits="0"/>
						<line number="1385" hits="0"/>
						<line number="1416" hits="0"/>
						<line number="1423" hits="0"/>
						<line number="1432" hits="0"/>
						<line number="1448" hits="0"/>
						<line number="1456" hits="0"/>
						<line number="1463" hits="0"/>
						<line number="1464" hits="0"/>
						<line number="1465" hits="0"/>
						<line number="1466" hits="0"/>
						<line number="1467" hits="0"/>
						<line number="1468" hits="0"/>
						<line number="1496" hits="0"/>
						<line number="1640" hits="0"/>
						<line number="1645" hits="0"/>
						<line number="1646" hits="0"/>
						<line number="1648" hits="0"/>
						<line number="1649" hits="0"/>
						<line number="1650" hits="0"/>
						<line number="1719" hits="0"/>
						<line number="1756" hits="0"/>
						<line number="1761" hits="0"/>
						<line number="1904" hits="0"/>
						<line number="2022" hits="0"/>
						<line number="2023" hits="0"/>
						<line number="2024" hits="0"/>
						<line number="2159" hits="0"/>
						<line number="2165" hits="0"/>
						<line number="2166" hits="0"/>
						<line number="2278" hits="0"/>
						<line number="2292" hits="0"/>
						<line number="2296" hits="0"/>
						<line number="2300" hits="0"/>
						<line number="2301" hits="0"/>
						<line number="2302" hits="0"/>
						<line number="2303" hits="0"/>
						<line number="2304" hits="0"/>
						<line number="2421" hits="0"/>
						<line number="2423" hits="0"/>
						<line number="2556" hits="0"/>
						<line number="2677" hits="0"/>
						<line number="2932" hits="0"/>
						<line number="2937" hits="0"/>
						<line number="2939" hits="0"/>
						<line number="2940" hits="0"/>
						<line number="3195" hits="0"/>
						<line number="3199" hits="0"/>
						<line number="3451" hits="0"/>
						<line number="3706" hits="0"/>
						<line number="3715" hits="0"/>
						<line number="3716" hits="0"/>
						<line number="3971" hits="0"/>
					</lines>
				</class>
				<class name="constants.py" filename="/Users/pers/GitHub/confidence/spotify_confidence/analysis/constants.py" complexity="0" line-rate="0.6379" branch-rate="0">
					<methods/>
					<lines>
						<line number="15" hits="1"/>
						<line number="16" hits="1"/>
						<line number="17" hits="1"/>
						<line number="18" hits="1"/>
						<line number="19" hits="1"/>
						<line number="20" hits="1"/>
						<line number="21" hits="1"/>
						<line number="22" hits="1"/>
						<line number="23" hits="1"/>
						<line number="24" hits="1"/>
						<line number="25" hits="1"/>
						<line number="26" hits="1"/>
						<line number="27" hits="1"/>
						<line number="28" hits="1"/>
						<line number="30" hits="1"/>
						<line number="31" hits="1"/>
						<line number="32" hits="1"/>
						<line number="33" hits="1"/>
						<line number="34" hits="1"/>
						<line number="35" hits="1"/>
						<line number="36" hits="1"/>
						<line number="37" hits="1"/>
						<line number="38" hits="1"/>
						<line number="39" hits="1"/>
						<line number="41" hits="1"/>
						<line number="42" hits="1"/>
						<line number="43" hits="1"/>
						<line number="45" hits="1"/>
						<line number="46" hits="1"/>
						<line number="47" hits="1"/>
						<line number="48" hits="1"/>
						<line number="49" hits="1"/>
						<line number="50" hits="1"/>
						<line number="51" hits="1"/>
						<line number="52" hits="1"/>
						<line number="53" hits="1"/>
						<line number="55" hits="1"/>
						<line number="311" hits="0"/>
						<line number="317" hits="0"/>
						<line number="318" hits="0"/>
						<line number="319" hits="0"/>
						<line number="320" hits="0"/>
						<line number="321" hits="0"/>
						<line number="573" hits="0"/>
						<line number="579" hits="0"/>
						<line number="580" hits="0"/>
						<line number="581" hits="0"/>
						<line number="582" hits="0"/>
						<line number="583" hits="0"/>
						<line number="584" hits="0"/>
						<line number="585" hits="0"/>
						<line number="586" hits="0"/>
						<line number="587" hits="0"/>
						<line number="588" hits="0"/>
						<line number="589" hits="0"/>
						<line number="590" hits="0"/>
						<line number="844" hits="0"/>
						<line number="847" hits="0"/>
					</lines>
				</class>
			</classes>
		</package>
		<package name=".Users.pers.GitHub.confidence.spotify_confidence.analysis.abstract_base_classes" line-rate="0.227" branch-rate="0" complexity="0">
			<classes>
				<class name="__init__.py" filename="/Users/pers/GitHub/confidence/spotify_confidence/analysis/abstract_base_classes/__init__.py" complexity="0" line-rate="1" branch-rate="0">
					<methods/>
					<lines/>
				</class>
				<class name="confidence_abc.py" filename="/Users/pers/GitHub/confidence/spotify_confidence/analysis/abstract_base_classes/confidence_abc.py" complexity="0" line-rate="0.2683" branch-rate="0">
					<methods/>
					<lines>
						<line number="15" hits="1"/>
						<line number="16" hits="1"/>
						<line number="18" hits="1"/>
						<line number="20" hits="1"/>
						<line number="21" hits="1"/>
						<line number="22" hits="1"/>
						<line number="23" hits="1"/>
						<line number="26" hits="1"/>
						<line number="28" hits="1"/>
						<line number="29" hits="1"/>
						<line number="30" hits="1"/>
						<line number="32" hits="1"/>
						<line number="33" hits="1"/>
						<line number="34" hits="1"/>
						<line number="36" hits="1"/>
						<line number="37" hits="1"/>
						<line number="38" hits="0"/>
						<line number="40" hits="1"/>
						<line number="41" hits="1"/>
						<line number="42" hits="1"/>
						<line number="44" hits="1"/>
						<line number="45" hits="1"/>
						<line number="54" hits="0"/>
						<line number="63" hits="0"/>
						<line number="104" hits="0"/>
						<line number="145" hits="0"/>
						<line number="190" hits="0"/>
						<line number="210" hits="0"/>
						<line number="313" hits="0"/>
						<line number="315" hits="1"/>
						<line number="578" hits="0"/>
						<line number="618" hits="0"/>
						<line number="620" hits="0"/>
						<line number="621" hits="0"/>
						<line number="622" hits="0"/>
						<line number="623" hits="0"/>
						<line number="624" hits="0"/>
						<line number="625" hits="0"/>
						<line number="626" hits="0"/>
						<line number="875" hits="0"/>
						<line number="915" hits="0"/>
						<line number="917" hits="0"/>
						<line number="918" hits="0"/>
						<line number="919" hits="0"/>
						<line number="920" hits="0"/>
						<line number="921" hits="0"/>
						<line number="922" hits="0"/>
						<line number="923" hits="0"/>
						<line number="924" hits="0"/>
						<line number="1172" hits="0"/>
						<line number="1216" hits="0"/>
						<line number="1218" hits="0"/>
						<line number="1473" hits="0"/>
						<line number="1492" hits="0"/>
						<line number="1494" hits="0"/>
						<line number="1495" hits="0"/>
						<line number="1496" hits="0"/>
						<line number="1497" hits="0"/>
						<line number="1498" hits="0"/>
						<line number="1499" hits="0"/>
						<line number="1500" hits="0"/>
						<line number="1501" hits="0"/>
						<line number="1749" hits="0"/>
						<line number="1800" hits="0"/>
						<line number="1802" hits="0"/>
						<line number="1803" hits="0"/>
						<line number="1804" hits="0"/>
						<line number="1805" hits="0"/>
						<line number="1806" hits="0"/>
						<line number="1807" hits="0"/>
						<line number="1808" hits="0"/>
						<line number="2057" hits="0"/>
						<line number="2106" hits="0"/>
						<line number="2108" hits="0"/>
						<line number="2109" hits="0"/>
						<line number="2110" hits="0"/>
						<line number="2111" hits="0"/>
						<line number="2112" hits="0"/>
						<line number="2113" hits="0"/>
						<line number="2114" hits="0"/>
						<line number="2115" hits="0"/>
						<line number="2363" hits="0"/>
					</lines>
				</class>
				<class name="confidence_computer_abc.py" filename="/Users/pers/GitHub/confidence/spotify_confidence/analysis/abstract_base_classes/confidence_computer_abc.py" complexity="0" line-rate="0.1707" branch-rate="0">
					<methods/>
					<lines>
						<line number="15" hits="1"/>
						<line number="16" hits="1"/>
						<line number="18" hits="1"/>
						<line number="20" hits="1"/>
						<line number="23" hits="1"/>
						<line number="25" hits="1"/>
						<line number="26" hits="1"/>
						<line number="35" hits="0"/>
						<line number="41" hits="0"/>
						<line number="56" hits="0"/>
						<line number="71" hits="0"/>
						<line number="79" hits="0"/>
						<line number="282" hits="0"/>
						<line number="293" hits="0"/>
						<line number="294" hits="0"/>
						<line number="299" hits="0"/>
						<line number="301" hits="0"/>
						<line number="302" hits="0"/>
						<line number="303" hits="0"/>
						<line number="304" hits="0"/>
						<line number="305" hits="0"/>
						<line number="306" hits="0"/>
						<line number="307" hits="0"/>
						<line number="308" hits="0"/>
						<line number="556" hits="0"/>
						<line number="570" hits="0"/>
						<line number="572" hits="0"/>
						<line number="573" hits="0"/>
						<line number="574" hits="0"/>
						<line number="575" hits="0"/>
						<line number="576" hits="0"/>
						<line number="577" hits="0"/>
						<line number="578" hits="0"/>
						<line number="579" hits="0"/>
						<line number="827" hits="0"/>
						<line number="842" hits="0"/>
						<line number="843" hits="0"/>
						<line number="844" hits="0"/>
						<line number="845" hits="0"/>
						<line number="846" hits="0"/>
						<line number="1097" hits="0"/>
					</lines>
				</class>
				<class name="confidence_grapher_abc.py" filename="/Users/pers/GitHub/confidence/spotify_confidence/analysis/abstract_base_classes/confidence_grapher_abc.py" complexity="0" line-rate="0.2" branch-rate="0">
					<methods/>
					<lines>
						<line number="15" hits="1"/>
						<line number="16" hits="1"/>
						<line number="18" hits="1"/>
						<line number="20" hits="1"/>
						<line number="21" hits="1"/>
						<line number="24" hits="1"/>
						<line number="26" hits="1"/>
						<line number="27" hits="1"/>
						<line number="33" hits="0"/>
						<line number="53" hits="0"/>
						<line number="283" hits="0"/>
						<line number="291" hits="0"/>
						<line number="293" hits="0"/>
						<line number="294" hits="0"/>
						<line number="548" hits="0"/>
						<line number="567" hits="0"/>
						<line number="569" hits="0"/>
						<line number="570" hits="0"/>
						<line number="571" hits="0"/>
						<line number="572" hits="0"/>
						<line number="573" hits="0"/>
						<line number="574" hits="0"/>
						<line number="824" hits="0"/>
						<line number="843" hits="0"/>
						<line number="845" hits="0"/>
						<line number="846" hits="0"/>
						<line number="847" hits="0"/>
						<line number="848" hits="0"/>
						<line number="849" hits="0"/>
						<line number="850" hits="0"/>
						<line number="1100" hits="0"/>
						<line number="1119" hits="0"/>
						<line number="1121" hits="0"/>
						<line number="1122" hits="0"/>
						<line number="1123" hits="0"/>
						<line number="1124" hits="0"/>
						<line number="1125" hits="0"/>
						<line number="1126" hits="0"/>
						<line number="1127" hits="0"/>
						<line number="1376" hits="0"/>
					</lines>
				</class>
			</classes>
		</package>
		<package name=".Users.pers.GitHub.confidence.spotify_confidence.analysis.bayesian" line-rate="0.05426" branch-rate="0" complexity="0">
			<classes>
				<class name="__init__.py" filename="/Users/pers/GitHub/confidence/spotify_confidence/analysis/bayesian/__init__.py" complexity="0" line-rate="1" branch-rate="0">
					<methods/>
					<lines/>
				</class>
				<class name="bayesian_base.py" filename="/Users/pers/GitHub/confidence/spotify_confidence/analysis/bayesian/bayesian_base.py" complexity="0" line-rate="0.08922" branch-rate="0">
					<methods/>
					<lines>
						<line number="15" hits="1"/>
						<line number="16" hits="1"/>
						<line number="17" hits="1"/>
						<line number="18" hits="1"/>
						<line number="20" hits="1"/>
						<line number="21" hits="1"/>
						<line number="22" hits="1"/>
						<line number="24" hits="1"/>
						<line number="25" hits="1"/>
						<line number="29" hits="1"/>
						<line number="32" hits="1"/>
						<line number="33" hits="0"/>
						<line number="34" hits="0"/>
						<line number="35" hits="0"/>
						<line number="36" hits="0"/>
						<line number="39" hits="1"/>
						<line number="40" hits="0"/>
						<line number="41" hits="0"/>
						<line number="42" hits="0"/>
						<line number="44" hits="0"/>
						<line number="45" hits="0"/>
						<line number="48" hits="1"/>
						<line number="58" hits="1"/>
						<line number="59" hits="1"/>
						<line number="61" hits="0"/>
						<line number="62" hits="0"/>
						<line number="63" hits="0"/>
						<line number="64" hits="0"/>
						<line number="78" hits="1"/>
						<line number="81" hits="1"/>
						<line number="85" hits="1"/>
						<line number="93" hits="0"/>
						<line number="94" hits="0"/>
						<line number="95" hits="0"/>
						<line number="96" hits="0"/>
						<line number="98" hits="0"/>
						<line number="109" hits="0"/>
						<line number="114" hits="1"/>
						<line number="117" hits="0"/>
						<line number="118" hits="0"/>
						<line number="123" hits="0"/>
						<line number="138" hits="1"/>
						<line number="163" hits="0"/>
						<line number="164" hits="0"/>
						<line number="165" hits="0"/>
						<line number="166" hits="0"/>
						<line number="178" hits="0"/>
						<line number="188" hits="0"/>
						<line number="218" hits="0"/>
						<line number="224" hits="0"/>
						<line number="236" hits="0"/>
						<line number="237" hits="0"/>
						<line number="238" hits="0"/>
						<line number="248" hits="0"/>
						<line number="249" hits="0"/>
						<line number="250" hits="0"/>
						<line number="251" hits="0"/>
						<line number="277" hits="0"/>
						<line number="280" hits="0"/>
						<line number="287" hits="0"/>
						<line number="299" hits="0"/>
						<line number="320" hits="0"/>
						<line number="352" hits="0"/>
						<line number="354" hits="0"/>
						<line number="355" hits="0"/>
						<line number="366" hits="0"/>
						<line number="373" hits="0"/>
						<line number="378" hits="0"/>
						<line number="383" hits="0"/>
						<line number="388" hits="0"/>
						<line number="389" hits="0"/>
						<line number="394" hits="0"/>
						<line number="395" hits="0"/>
						<line number="405" hits="0"/>
						<line number="424" hits="0"/>
						<line number="426" hits="0"/>
						<line number="427" hits="0"/>
						<line number="435" hits="0"/>
						<line number="445" hits="0"/>
						<line number="456" hits="0"/>
						<line number="460" hits="0"/>
						<line number="461" hits="0"/>
						<line number="462" hits="0"/>
						<line number="464" hits="0"/>
						<line number="465" hits="0"/>
						<line number="467" hits="0"/>
						<line number="468" hits="0"/>
						<line number="473" hits="0"/>
						<line number="474" hits="0"/>
						<line number="476" hits="1"/>
						<line number="477" hits="0"/>
						<line number="478" hits="0"/>
						<line number="479" hits="0"/>
						<line number="480" hits="0"/>
						<line number="490" hits="0"/>
						<line number="492" hits="0"/>
						<line number="494" hits="0"/>
						<line number="502" hits="0"/>
						<line number="507" hits="0"/>
						<line number="509" hits="0"/>
						<line number="512" hits="0"/>
						<line number="513" hits="0"/>
						<line number="514" hits="1"/>
						<line number="518" hits="0"/>
						<line number="524" hits="0"/>
						<line number="532" hits="0"/>
						<line number="533" hits="0"/>
						<line number="534" hits="1"/>
						<line number="538" hits="0"/>
						<line number="540" hits="0"/>
						<line number="542" hits="1"/>
						<line number="543" hits="0"/>
						<line number="544" hits="0"/>
						<line number="545" hits="0"/>
						<line number="546" hits="0"/>
						<line number="548" hits="0"/>
						<line number="549" hits="0"/>
						<line number="550" hits="0"/>
						<line number="557" hits="0"/>
						<line number="558" hits="0"/>
						<line number="578" hits="0"/>
						<line number="610" hits="0"/>
						<line number="611" hits="0"/>
						<line number="613" hits="0"/>
						<line number="614" hits="0"/>
						<line number="615" hits="0"/>
						<line number="616" hits="0"/>
						<line number="617" hits="0"/>
						<line number="621" hits="0"/>
						<line number="623" hits="0"/>
						<line number="625" hits="0"/>
						<line number="628" hits="0"/>
						<line number="629" hits="0"/>
						<line number="631" hits="0"/>
						<line number="632" hits="0"/>
						<line number="633" hits="0"/>
						<line number="634" hits="0"/>
						<line number="635" hits="0"/>
						<line number="636" hits="0"/>
						<line number="637" hits="0"/>
						<line number="638" hits="0"/>
						<line number="641" hits="0"/>
						<line number="642" hits="0"/>
						<line number="643" hits="0"/>
						<line number="645" hits="0"/>
						<line number="648" hits="0"/>
						<line number="649" hits="0"/>
						<line number="652" hits="0"/>
						<line number="683" hits="0"/>
						<line number="684" hits="0"/>
						<line number="688" hits="0"/>
						<line number="689" hits="0"/>
						<line number="691" hits="0"/>
						<line number="692" hits="0"/>
						<line number="693" hits="0"/>
						<line number="694" hits="0"/>
						<line number="695" hits="0"/>
						<line number="700" hits="0"/>
						<line number="701" hits="0"/>
						<line number="703" hits="0"/>
						<line number="704" hits="0"/>
						<line number="705" hits="0"/>
						<line number="706" hits="0"/>
						<line number="736" hits="0"/>
						<line number="739" hits="0"/>
						<line number="742" hits="0"/>
						<line number="743" hits="0"/>
						<line number="750" hits="0"/>
						<line number="751" hits="0"/>
						<line number="752" hits="0"/>
						<line number="754" hits="0"/>
						<line number="755" hits="0"/>
						<line number="756" hits="0"/>
						<line number="757" hits="0"/>
						<line number="765" hits="0"/>
						<line number="768" hits="0"/>
						<line number="769" hits="0"/>
						<line number="774" hits="0"/>
						<line number="775" hits="0"/>
						<line number="776" hits="0"/>
						<line number="777" hits="0"/>
						<line number="778" hits="0"/>
						<line number="779" hits="0"/>
						<line number="780" hits="0"/>
						<line number="781" hits="0"/>
						<line number="789" hits="0"/>
						<line number="792" hits="0"/>
						<line number="793" hits="0"/>
						<line number="801" hits="0"/>
						<line number="802" hits="0"/>
						<line number="869" hits="0"/>
						<line number="870" hits="0"/>
						<line number="872" hits="0"/>
						<line number="875" hits="0"/>
						<line number="878" hits="0"/>
						<line number="882" hits="0"/>
						<line number="890" hits="0"/>
						<line number="895" hits="0"/>
						<line number="897" hits="0"/>
						<line number="898" hits="0"/>
						<line number="900" hits="0"/>
						<line number="901" hits="0"/>
						<line number="909" hits="0"/>
						<line number="947" hits="0"/>
						<line number="953" hits="0"/>
						<line number="960" hits="0"/>
						<line number="961" hits="0"/>
						<line number="962" hits="0"/>
						<line number="963" hits="0"/>
						<line number="964" hits="0"/>
						<line number="965" hits="0"/>
						<line number="966" hits="0"/>
						<line number="967" hits="0"/>
						<line number="998" hits="0"/>
						<line number="1000" hits="0"/>
						<line number="1010" hits="0"/>
						<line number="1012" hits="0"/>
						<line number="1013" hits="0"/>
						<line number="1034" hits="0"/>
						<line number="1036" hits="0"/>
						<line number="1037" hits="0"/>
						<line number="1038" hits="0"/>
						<line number="1039" hits="0"/>
						<line number="1040" hits="0"/>
						<line number="1041" hits="0"/>
						<line number="1042" hits="0"/>
						<line number="1044" hits="0"/>
						<line number="1048" hits="0"/>
						<line number="1052" hits="0"/>
						<line number="1057" hits="0"/>
						<line number="1059" hits="0"/>
						<line number="1125" hits="0"/>
						<line number="1127" hits="0"/>
						<line number="1156" hits="0"/>
						<line number="1157" hits="0"/>
						<line number="1158" hits="0"/>
						<line number="1175" hits="0"/>
						<line number="1211" hits="0"/>
						<line number="1216" hits="0"/>
						<line number="1220" hits="0"/>
						<line number="1224" hits="0"/>
						<line number="1225" hits="0"/>
						<line number="1227" hits="0"/>
						<line number="1238" hits="0"/>
						<line number="1239" hits="0"/>
						<line number="1243" hits="0"/>
						<line number="1244" hits="0"/>
						<line number="1257" hits="0"/>
						<line number="1268" hits="0"/>
						<line number="1271" hits="0"/>
						<line number="1282" hits="0"/>
						<line number="1302" hits="0"/>
						<line number="1310" hits="0"/>
						<line number="1381" hits="0"/>
						<line number="1384" hits="0"/>
						<line number="1386" hits="0"/>
						<line number="1387" hits="0"/>
						<line number="1413" hits="0"/>
						<line number="1475" hits="0"/>
						<line number="1478" hits="0"/>
						<line number="1642" hits="0"/>
						<line number="1645" hits="0"/>
						<line number="1646" hits="0"/>
						<line number="1668" hits="0"/>
						<line number="1671" hits="0"/>
						<line number="1672" hits="0"/>
						<line number="1901" hits="0"/>
						<line number="1904" hits="0"/>
						<line number="1927" hits="0"/>
					</lines>
				</class>
				<class name="bayesian_models.py" filename="/Users/pers/GitHub/confidence/spotify_confidence/analysis/bayesian/bayesian_models.py" complexity="0" line-rate="0.02926" branch-rate="0">
					<methods/>
					<lines>
						<line number="15" hits="1"/>
						<line number="17" hits="1"/>
						<line number="18" hits="1"/>
						<line number="19" hits="1"/>
						<line number="20" hits="1"/>
						<line number="22" hits="1"/>
						<line number="26" hits="1"/>
						<line number="52" hits="0"/>
						<line number="68" hits="0"/>
						<line number="80" hits="0"/>
						<line number="81" hits="0"/>
						<line number="82" hits="0"/>
						<line number="83" hits="0"/>
						<line number="84" hits="0"/>
						<line number="88" hits="0"/>
						<line number="89" hits="0"/>
						<line number="90" hits="0"/>
						<line number="91" hits="0"/>
						<line number="92" hits="0"/>
						<line number="93" hits="0"/>
						<line number="110" hits="0"/>
						<line number="111" hits="0"/>
						<line number="112" hits="0"/>
						<line number="113" hits="0"/>
						<line number="120" hits="0"/>
						<line number="121" hits="0"/>
						<line number="122" hits="0"/>
						<line number="124" hits="0"/>
						<line number="125" hits="0"/>
						<line number="126" hits="0"/>
						<line number="127" hits="0"/>
						<line number="128" hits="0"/>
						<line number="131" hits="0"/>
						<line number="140" hits="0"/>
						<line number="188" hits="0"/>
						<line number="189" hits="0"/>
						<line number="191" hits="0"/>
						<line number="192" hits="0"/>
						<line number="194" hits="0"/>
						<line number="196" hits="0"/>
						<line number="200" hits="0"/>
						<line number="248" hits="0"/>
						<line number="261" hits="0"/>
						<line number="262" hits="0"/>
						<line number="264" hits="0"/>
						<line number="308" hits="0"/>
						<line number="314" hits="0"/>
						<line number="317" hits="1"/>
						<line number="318" hits="1"/>
						<line number="319" hits="0"/>
						<line number="327" hits="0"/>
						<line number="331" hits="0"/>
						<line number="342" hits="0"/>
						<line number="349" hits="0"/>
						<line number="352" hits="0"/>
						<line number="353" hits="0"/>
						<line number="354" hits="0"/>
						<line number="368" hits="0"/>
						<line number="373" hits="0"/>
						<line number="387" hits="0"/>
						<line number="389" hits="0"/>
						<line number="390" hits="0"/>
						<line number="400" hits="0"/>
						<line number="410" hits="0"/>
						<line number="412" hits="0"/>
						<line number="414" hits="0"/>
						<line number="416" hits="0"/>
						<line number="422" hits="0"/>
						<line number="442" hits="0"/>
						<line number="454" hits="0"/>
						<line number="455" hits="0"/>
						<line number="457" hits="0"/>
						<line number="459" hits="0"/>
						<line number="508" hits="0"/>
						<line number="515" hits="0"/>
						<line number="517" hits="1"/>
						<line number="525" hits="0"/>
						<line number="526" hits="0"/>
						<line number="527" hits="0"/>
						<line number="561" hits="0"/>
						<line number="571" hits="0"/>
						<line number="573" hits="0"/>
						<line number="580" hits="1"/>
						<line number="599" hits="0"/>
						<line number="611" hits="0"/>
						<line number="613" hits="0"/>
						<line number="615" hits="0"/>
						<line number="678" hits="0"/>
						<line number="679" hits="0"/>
						<line number="694" hits="0"/>
						<line number="696" hits="0"/>
						<line number="698" hits="0"/>
						<line number="700" hits="0"/>
						<line number="707" hits="0"/>
						<line number="714" hits="0"/>
						<line number="731" hits="0"/>
						<line number="761" hits="0"/>
						<line number="771" hits="0"/>
						<line number="778" hits="0"/>
						<line number="780" hits="0"/>
						<line number="784" hits="0"/>
						<line number="810" hits="0"/>
						<line number="843" hits="0"/>
						<line number="850" hits="0"/>
						<line number="854" hits="0"/>
						<line number="855" hits="0"/>
						<line number="856" hits="0"/>
						<line number="858" hits="0"/>
						<line number="860" hits="0"/>
						<line number="862" hits="0"/>
						<line number="863" hits="0"/>
						<line number="866" hits="0"/>
						<line number="867" hits="0"/>
						<line number="868" hits="0"/>
						<line number="869" hits="0"/>
						<line number="871" hits="0"/>
						<line number="875" hits="0"/>
						<line number="878" hits="0"/>
						<line number="879" hits="0"/>
						<line number="880" hits="0"/>
						<line number="882" hits="0"/>
						<line number="883" hits="0"/>
						<line number="884" hits="0"/>
						<line number="885" hits="0"/>
						<line number="886" hits="0"/>
						<line number="887" hits="0"/>
						<line number="888" hits="0"/>
						<line number="889" hits="0"/>
						<line number="908" hits="0"/>
						<line number="915" hits="0"/>
						<line number="916" hits="0"/>
						<line number="934" hits="0"/>
						<line number="935" hits="0"/>
						<line number="938" hits="0"/>
						<line number="940" hits="0"/>
						<line number="942" hits="0"/>
						<line number="944" hits="0"/>
						<line number="946" hits="0"/>
						<line number="947" hits="0"/>
						<line number="949" hits="0"/>
						<line number="950" hits="0"/>
						<line number="952" hits="0"/>
						<line number="955" hits="0"/>
						<line number="956" hits="0"/>
						<line number="957" hits="0"/>
						<line number="958" hits="0"/>
						<line number="961" hits="0"/>
						<line number="962" hits="0"/>
						<line number="963" hits="0"/>
						<line number="964" hits="0"/>
						<line number="966" hits="0"/>
						<line number="967" hits="0"/>
						<line number="968" hits="0"/>
						<line number="975" hits="0"/>
						<line number="978" hits="0"/>
						<line number="979" hits="0"/>
						<line number="988" hits="0"/>
						<line number="1029" hits="0"/>
						<line number="1039" hits="0"/>
						<line number="1047" hits="0"/>
						<line number="1053" hits="0"/>
						<line number="1055" hits="0"/>
						<line number="1057" hits="0"/>
						<line number="1059" hits="0"/>
						<line number="1061" hits="0"/>
						<line number="1062" hits="0"/>
						<line number="1065" hits="0"/>
						<line number="1066" hits="0"/>
						<line number="1068" hits="0"/>
						<line number="1069" hits="0"/>
						<line number="1070" hits="0"/>
						<line number="1071" hits="0"/>
						<line number="1074" hits="0"/>
						<line number="1091" hits="0"/>
						<line number="1122" hits="0"/>
						<line number="1129" hits="0"/>
						<line number="1130" hits="0"/>
						<line number="1131" hits="0"/>
						<line number="1132" hits="0"/>
						<line number="1133" hits="0"/>
						<line number="1138" hits="0"/>
						<line number="1147" hits="0"/>
						<line number="1171" hits="0"/>
						<line number="1174" hits="0"/>
						<line number="1175" hits="0"/>
						<line number="1177" hits="0"/>
						<line number="1178" hits="0"/>
						<line number="1179" hits="0"/>
						<line number="1219" hits="0"/>
						<line number="1223" hits="0"/>
						<line number="1225" hits="0"/>
						<line number="1226" hits="0"/>
						<line number="1227" hits="0"/>
						<line number="1228" hits="0"/>
						<line number="1230" hits="0"/>
						<line number="1231" hits="0"/>
						<line number="1233" hits="0"/>
						<line number="1234" hits="0"/>
						<line number="1235" hits="0"/>
						<line number="1236" hits="0"/>
						<line number="1237" hits="0"/>
						<line number="1238" hits="0"/>
						<line number="1239" hits="0"/>
						<line number="1324" hits="0"/>
						<line number="1329" hits="0"/>
						<line number="1330" hits="0"/>
						<line number="1331" hits="0"/>
						<line number="1332" hits="0"/>
						<line number="1333" hits="0"/>
						<line number="1348" hits="0"/>
						<line number="1376" hits="0"/>
						<line number="1385" hits="0"/>
						<line number="1392" hits="0"/>
						<line number="1393" hits="0"/>
						<line number="1394" hits="0"/>
						<line number="1395" hits="0"/>
						<line number="1396" hits="0"/>
						<line number="1405" hits="0"/>
						<line number="1434" hits="0"/>
						<line number="1436" hits="0"/>
						<line number="1437" hits="0"/>
						<line number="1438" hits="0"/>
						<line number="1439" hits="0"/>
						<line number="1440" hits="0"/>
						<line number="1441" hits="0"/>
						<line number="1481" hits="0"/>
						<line number="1484" hits="0"/>
						<line number="1485" hits="0"/>
						<line number="1486" hits="0"/>
						<line number="1487" hits="0"/>
						<line number="1488" hits="0"/>
						<line number="1489" hits="0"/>
						<line number="1490" hits="0"/>
						<line number="1491" hits="0"/>
						<line number="1492" hits="0"/>
						<line number="1493" hits="0"/>
						<line number="1494" hits="0"/>
						<line number="1496" hits="0"/>
						<line number="1497" hits="0"/>
						<line number="1585" hits="0"/>
						<line number="1591" hits="0"/>
						<line number="1592" hits="0"/>
						<line number="1593" hits="0"/>
						<line number="1594" hits="0"/>
						<line number="1595" hits="0"/>
						<line number="1597" hits="0"/>
						<line number="1598" hits="0"/>
						<line number="1599" hits="0"/>
						<line number="1648" hits="0"/>
						<line number="1662" hits="0"/>
						<line number="1666" hits="0"/>
						<line number="1667" hits="0"/>
						<line number="1668" hits="0"/>
						<line number="1669" hits="0"/>
						<line number="1670" hits="0"/>
						<line number="1671" hits="0"/>
						<line number="1672" hits="0"/>
						<line number="1673" hits="0"/>
						<line number="1695" hits="0"/>
						<line number="1698" hits="0"/>
						<line number="1700" hits="0"/>
						<line number="1703" hits="0"/>
						<line number="1704" hits="0"/>
						<line number="1705" hits="0"/>
						<line number="1714" hits="0"/>
						<line number="1741" hits="0"/>
						<line number="1749" hits="0"/>
						<line number="1752" hits="0"/>
						<line number="1753" hits="0"/>
						<line number="1815" hits="0"/>
						<line number="1816" hits="0"/>
						<line number="1853" hits="0"/>
						<line number="1856" hits="0"/>
						<line number="1857" hits="0"/>
						<line number="1927" hits="0"/>
						<line number="1930" hits="0"/>
						<line number="1932" hits="0"/>
						<line number="1960" hits="0"/>
						<line number="1962" hits="0"/>
						<line number="1963" hits="0"/>
						<line number="1996" hits="0"/>
						<line number="2005" hits="0"/>
						<line number="2007" hits="0"/>
						<line number="2009" hits="0"/>
						<line number="2012" hits="0"/>
						<line number="2013" hits="0"/>
						<line number="2014" hits="0"/>
						<line number="2016" hits="0"/>
						<line number="2018" hits="0"/>
						<line number="2019" hits="0"/>
						<line number="2021" hits="0"/>
						<line number="2022" hits="0"/>
						<line number="2025" hits="0"/>
						<line number="2026" hits="0"/>
						<line number="2027" hits="0"/>
						<line number="2028" hits="0"/>
						<line number="2218" hits="0"/>
						<line number="2220" hits="0"/>
						<line number="2221" hits="0"/>
						<line number="2222" hits="0"/>
						<line number="2223" hits="0"/>
						<line number="2224" hits="0"/>
						<line number="2225" hits="0"/>
						<line number="2268" hits="0"/>
						<line number="2269" hits="0"/>
						<line number="2281" hits="0"/>
						<line number="2286" hits="0"/>
						<line number="2288" hits="0"/>
						<line number="2289" hits="0"/>
						<line number="2291" hits="0"/>
						<line number="2292" hits="0"/>
						<line number="2293" hits="0"/>
						<line number="2294" hits="0"/>
						<line number="2295" hits="0"/>
						<line number="2477" hits="0"/>
						<line number="2482" hits="0"/>
						<line number="2483" hits="0"/>
						<line number="2524" hits="0"/>
						<line number="2547" hits="0"/>
						<line number="2553" hits="0"/>
						<line number="2554" hits="0"/>
						<line number="2555" hits="0"/>
						<line number="2556" hits="0"/>
						<line number="2557" hits="0"/>
						<line number="2738" hits="0"/>
						<line number="2741" hits="0"/>
						<line number="2742" hits="0"/>
						<line number="2743" hits="0"/>
						<line number="2744" hits="0"/>
						<line number="2779" hits="0"/>
						<line number="2783" hits="0"/>
						<line number="2784" hits="0"/>
						<line number="2787" hits="0"/>
						<line number="2788" hits="0"/>
						<line number="2809" hits="0"/>
						<line number="2827" hits="0"/>
						<line number="2828" hits="0"/>
						<line number="2829" hits="0"/>
						<line number="2830" hits="0"/>
						<line number="2831" hits="0"/>
						<line number="2832" hits="0"/>
						<line number="2833" hits="0"/>
						<line number="2834" hits="0"/>
						<line number="3043" hits="0"/>
						<line number="3044" hits="0"/>
						<line number="3088" hits="0"/>
						<line number="3091" hits="0"/>
						<line number="3093" hits="0"/>
						<line number="3299" hits="0"/>
						<line number="3554" hits="0"/>
						<line number="3558" hits="0"/>
						<line number="3559" hits="0"/>
						<line number="3560" hits="0"/>
						<line number="3561" hits="0"/>
						<line number="3562" hits="0"/>
						<line number="3817" hits="0"/>
						<line number="3818" hits="0"/>
						<line number="3819" hits="0"/>
						<line number="3820" hits="0"/>
						<line number="4075" hits="0"/>
						<line number="4077" hits="0"/>
						<line number="4078" hits="0"/>
						<line number="4079" hits="0"/>
						<line number="4334" hits="0"/>
						<line number="4335" hits="0"/>
						<line number="4336" hits="0"/>
						<line number="4591" hits="0"/>
						<line number="4593" hits="0"/>
						<line number="4594" hits="0"/>
						<line number="4849" hits="0"/>
						<line number="4850" hits="0"/>
						<line number="4851" hits="0"/>
						<line number="5106" hits="0"/>
						<line number="5352" hits="0"/>
						<line number="5607" hits="0"/>
						<line number="5862" hits="0"/>
					</lines>
				</class>
			</classes>
		</package>
		<package name=".Users.pers.GitHub.confidence.spotify_confidence.analysis.frequentist" line-rate="0.09358" branch-rate="0" complexity="0">
			<classes>
				<class name="__init__.py" filename="/Users/pers/GitHub/confidence/spotify_confidence/analysis/frequentist/__init__.py" complexity="0" line-rate="1" branch-rate="0">
					<methods/>
					<lines/>
				</class>
				<class name="chartify_grapher.py" filename="/Users/pers/GitHub/confidence/spotify_confidence/analysis/frequentist/chartify_grapher.py" complexity="0" line-rate="0.03955" branch-rate="0">
					<methods/>
					<lines>
						<line number="15" hits="1"/>
						<line number="17" hits="1"/>
						<line number="18" hits="1"/>
						<line number="19" hits="1"/>
						<line number="20" hits="1"/>
						<line number="22" hits="1"/>
						<line number="23" hits="1"/>
						<line number="27" hits="1"/>
						<line number="31" hits="1"/>
						<line number="34" hits="1"/>
						<line number="35" hits="1"/>
						<line number="42" hits="1"/>
						<line number="43" hits="1"/>
						<line number="44" hits="1"/>
						<line number="45" hits="1"/>
						<line number="46" hits="1"/>
						<line number="47" hits="1"/>
						<line number="54" hits="0"/>
						<line number="55" hits="0"/>
						<line number="56" hits="0"/>
						<line number="75" hits="0"/>
						<line number="76" hits="0"/>
						<line number="97" hits="0"/>
						<line number="123" hits="0"/>
						<line number="124" hits="0"/>
						<line number="145" hits="0"/>
						<line number="166" hits="0"/>
						<line number="167" hits="0"/>
						<line number="175" hits="0"/>
						<line number="176" hits="0"/>
						<line number="177" hits="0"/>
						<line number="179" hits="0"/>
						<line number="180" hits="0"/>
						<line number="182" hits="0"/>
						<line number="201" hits="0"/>
						<line number="214" hits="0"/>
						<line number="245" hits="0"/>
						<line number="269" hits="0"/>
						<line number="287" hits="0"/>
						<line number="288" hits="0"/>
						<line number="291" hits="0"/>
						<line number="303" hits="0"/>
						<line number="307" hits="0"/>
						<line number="309" hits="0"/>
						<line number="325" hits="0"/>
						<line number="330" hits="0"/>
						<line number="339" hits="0"/>
						<line number="340" hits="0"/>
						<line number="346" hits="0"/>
						<line number="355" hits="0"/>
						<line number="357" hits="0"/>
						<line number="380" hits="0"/>
						<line number="382" hits="1"/>
						<line number="387" hits="0"/>
						<line number="388" hits="0"/>
						<line number="389" hits="0"/>
						<line number="396" hits="0"/>
						<line number="404" hits="0"/>
						<line number="423" hits="0"/>
						<line number="434" hits="0"/>
						<line number="440" hits="0"/>
						<line number="442" hits="1"/>
						<line number="443" hits="0"/>
						<line number="445" hits="0"/>
						<line number="455" hits="0"/>
						<line number="457" hits="0"/>
						<line number="459" hits="0"/>
						<line number="476" hits="0"/>
						<line number="491" hits="0"/>
						<line number="492" hits="0"/>
						<line number="493" hits="0"/>
						<line number="496" hits="0"/>
						<line number="497" hits="0"/>
						<line number="498" hits="0"/>
						<line number="500" hits="0"/>
						<line number="501" hits="0"/>
						<line number="503" hits="0"/>
						<line number="504" hits="0"/>
						<line number="506" hits="1"/>
						<line number="507" hits="0"/>
						<line number="508" hits="0"/>
						<line number="509" hits="0"/>
						<line number="511" hits="0"/>
						<line number="512" hits="0"/>
						<line number="514" hits="0"/>
						<line number="515" hits="0"/>
						<line number="523" hits="0"/>
						<line number="542" hits="1"/>
						<line number="549" hits="0"/>
						<line number="559" hits="0"/>
						<line number="560" hits="0"/>
						<line number="570" hits="0"/>
						<line number="574" hits="0"/>
						<line number="579" hits="0"/>
						<line number="582" hits="0"/>
						<line number="594" hits="0"/>
						<line number="597" hits="0"/>
						<line number="614" hits="0"/>
						<line number="618" hits="0"/>
						<line number="620" hits="0"/>
						<line number="621" hits="0"/>
						<line number="622" hits="0"/>
						<line number="623" hits="0"/>
						<line number="624" hits="0"/>
						<line number="644" hits="0"/>
						<line number="646" hits="0"/>
						<line number="648" hits="0"/>
						<line number="650" hits="0"/>
						<line number="663" hits="0"/>
						<line number="666" hits="0"/>
						<line number="667" hits="0"/>
						<line number="668" hits="0"/>
						<line number="669" hits="0"/>
						<line number="670" hits="0"/>
						<line number="671" hits="0"/>
						<line number="672" hits="0"/>
						<line number="698" hits="0"/>
						<line number="699" hits="0"/>
						<line number="701" hits="0"/>
						<line number="702" hits="0"/>
						<line number="703" hits="0"/>
						<line number="711" hits="0"/>
						<line number="713" hits="0"/>
						<line number="714" hits="0"/>
						<line number="716" hits="0"/>
						<line number="717" hits="0"/>
						<line number="718" hits="0"/>
						<line number="732" hits="0"/>
						<line number="734" hits="0"/>
						<line number="735" hits="0"/>
						<line number="779" hits="0"/>
						<line number="781" hits="0"/>
						<line number="803" hits="0"/>
						<line number="805" hits="0"/>
						<line number="806" hits="0"/>
						<line number="807" hits="0"/>
						<line number="811" hits="0"/>
						<line number="817" hits="0"/>
						<line number="819" hits="0"/>
						<line number="820" hits="0"/>
						<line number="831" hits="0"/>
						<line number="836" hits="0"/>
						<line number="837" hits="0"/>
						<line number="840" hits="0"/>
						<line number="841" hits="0"/>
						<line number="842" hits="0"/>
						<line number="843" hits="0"/>
						<line number="844" hits="0"/>
						<line number="861" hits="0"/>
						<line number="862" hits="0"/>
						<line number="863" hits="0"/>
						<line number="876" hits="0"/>
						<line number="881" hits="0"/>
						<line number="902" hits="0"/>
						<line number="923" hits="0"/>
						<line number="929" hits="0"/>
						<line number="931" hits="0"/>
						<line number="957" hits="0"/>
						<line number="958" hits="0"/>
						<line number="969" hits="0"/>
						<line number="971" hits="0"/>
						<line number="972" hits="0"/>
						<line number="973" hits="0"/>
						<line number="975" hits="0"/>
						<line number="990" hits="0"/>
						<line number="992" hits="0"/>
						<line number="993" hits="0"/>
						<line number="994" hits="0"/>
						<line number="995" hits="0"/>
						<line number="996" hits="0"/>
						<line number="997" hits="0"/>
						<line number="998" hits="0"/>
						<line number="1035" hits="0"/>
						<line number="1038" hits="0"/>
						<line number="1039" hits="0"/>
						<line number="1062" hits="0"/>
						<line number="1064" hits="0"/>
						<line number="1066" hits="0"/>
						<line number="1068" hits="0"/>
						<line number="1075" hits="0"/>
						<line number="1077" hits="0"/>
						<line number="1078" hits="0"/>
						<line number="1079" hits="0"/>
						<line number="1080" hits="0"/>
						<line number="1081" hits="0"/>
						<line number="1086" hits="0"/>
						<line number="1090" hits="0"/>
						<line number="1099" hits="0"/>
						<line number="1101" hits="0"/>
						<line number="1113" hits="0"/>
						<line number="1144" hits="0"/>
						<line number="1145" hits="0"/>
						<line number="1146" hits="0"/>
						<line number="1157" hits="0"/>
						<line number="1164" hits="0"/>
						<line number="1165" hits="0"/>
						<line number="1166" hits="0"/>
						<line number="1213" hits="0"/>
						<line number="1215" hits="0"/>
						<line number="1227" hits="0"/>
						<line number="1229" hits="0"/>
						<line number="1230" hits="0"/>
						<line number="1231" hits="0"/>
						<line number="1232" hits="0"/>
						<line number="1233" hits="0"/>
						<line number="1234" hits="0"/>
						<line number="1249" hits="0"/>
						<line number="1256" hits="0"/>
						<line number="1294" hits="0"/>
						<line number="1296" hits="0"/>
						<line number="1297" hits="0"/>
						<line number="1298" hits="0"/>
						<line number="1299" hits="0"/>
						<line number="1300" hits="0"/>
						<line number="1301" hits="0"/>
						<line number="1302" hits="0"/>
						<line number="1303" hits="0"/>
						<line number="1304" hits="0"/>
						<line number="1305" hits="0"/>
						<line number="1306" hits="0"/>
						<line number="1307" hits="0"/>
						<line number="1308" hits="0"/>
						<line number="1322" hits="0"/>
						<line number="1326" hits="0"/>
						<line number="1327" hits="0"/>
						<line number="1328" hits="0"/>
						<line number="1329" hits="0"/>
						<line number="1330" hits="0"/>
						<line number="1333" hits="0"/>
						<line number="1355" hits="0"/>
						<line number="1359" hits="0"/>
						<line number="1395" hits="0"/>
						<line number="1421" hits="0"/>
						<line number="1422" hits="0"/>
						<line number="1423" hits="0"/>
						<line number="1424" hits="0"/>
						<line number="1486" hits="0"/>
						<line number="1488" hits="0"/>
						<line number="1490" hits="0"/>
						<line number="1491" hits="0"/>
						<line number="1492" hits="0"/>
						<line number="1585" hits="0"/>
						<line number="1587" hits="0"/>
						<line number="1614" hits="0"/>
						<line number="1616" hits="0"/>
						<line number="1676" hits="0"/>
						<line number="1677" hits="0"/>
						<line number="1681" hits="0"/>
						<line number="1701" hits="0"/>
						<line number="1707" hits="0"/>
						<line number="1708" hits="0"/>
						<line number="1709" hits="0"/>
						<line number="1710" hits="0"/>
						<line number="1741" hits="0"/>
						<line number="1748" hits="0"/>
						<line number="1841" hits="0"/>
						<line number="1845" hits="0"/>
						<line number="1867" hits="0"/>
						<line number="1874" hits="0"/>
						<line number="1932" hits="0"/>
						<line number="1939" hits="0"/>
						<line number="1940" hits="0"/>
						<line number="1941" hits="0"/>
						<line number="1942" hits="0"/>
						<line number="1962" hits="0"/>
						<line number="1986" hits="0"/>
						<line number="1987" hits="0"/>
						<line number="1988" hits="0"/>
						<line number="1989" hits="0"/>
						<line number="1990" hits="0"/>
						<line number="1991" hits="0"/>
						<line number="1992" hits="0"/>
						<line number="1996" hits="0"/>
						<line number="2007" hits="0"/>
						<line number="2008" hits="0"/>
						<line number="2100" hits="0"/>
						<line number="2102" hits="0"/>
						<line number="2122" hits="0"/>
						<line number="2131" hits="0"/>
						<line number="2132" hits="0"/>
						<line number="2133" hits="0"/>
						<line number="2134" hits="0"/>
						<line number="2135" hits="0"/>
						<line number="2136" hits="0"/>
						<line number="2197" hits="0"/>
						<line number="2199" hits="0"/>
						<line number="2241" hits="0"/>
						<line number="2263" hits="0"/>
						<line number="2265" hits="0"/>
						<line number="2332" hits="0"/>
						<line number="2333" hits="0"/>
						<line number="2334" hits="0"/>
						<line number="2353" hits="0"/>
						<line number="2360" hits="0"/>
						<line number="2361" hits="0"/>
						<line number="2388" hits="0"/>
						<line number="2393" hits="0"/>
						<line number="2394" hits="0"/>
						<line number="2395" hits="0"/>
						<line number="2396" hits="0"/>
						<line number="2453" hits="0"/>
						<line number="2456" hits="0"/>
						<line number="2457" hits="0"/>
						<line number="2458" hits="0"/>
						<line number="2459" hits="0"/>
						<line number="2460" hits="0"/>
						<line number="2461" hits="0"/>
						<line number="2519" hits="0"/>
						<line number="2522" hits="0"/>
						<line number="2587" hits="0"/>
						<line number="2603" hits="0"/>
						<line number="2604" hits="0"/>
						<line number="2605" hits="0"/>
						<line number="2606" hits="0"/>
						<line number="2608" hits="0"/>
						<line number="2619" hits="0"/>
						<line number="2620" hits="0"/>
						<line number="2651" hits="0"/>
						<line number="2653" hits="0"/>
						<line number="2708" hits="0"/>
						<line number="2719" hits="0"/>
						<line number="2720" hits="0"/>
						<line number="2721" hits="0"/>
						<line number="2722" hits="0"/>
						<line number="2723" hits="0"/>
						<line number="2724" hits="0"/>
						<line number="2725" hits="0"/>
						<line number="2726" hits="0"/>
						<line number="2775" hits="0"/>
						<line number="2779" hits="0"/>
						<line number="2858" hits="0"/>
						<line number="2874" hits="0"/>
						<line number="2876" hits="0"/>
						<line number="2877" hits="0"/>
						<line number="2878" hits="0"/>
						<line number="2879" hits="0"/>
						<line number="2880" hits="0"/>
						<line number="2881" hits="0"/>
						<line number="2882" hits="0"/>
						<line number="2883" hits="0"/>
						<line number="2884" hits="0"/>
						<line number="2907" hits="0"/>
						<line number="2911" hits="0"/>
						<line number="2912" hits="0"/>
						<line number="2913" hits="0"/>
						<line number="2914" hits="0"/>
						<line number="2976" hits="0"/>
						<line number="2983" hits="0"/>
						<line number="2984" hits="0"/>
						<line number="3031" hits="0"/>
						<line number="3036" hits="0"/>
						<line number="3131" hits="0"/>
						<line number="3135" hits="0"/>
						<line number="3137" hits="0"/>
						<line number="3162" hits="0"/>
						<line number="3171" hits="0"/>
						<line number="3172" hits="0"/>
						<line number="3173" hits="0"/>
						<line number="3174" hits="0"/>
						<line number="3175" hits="0"/>
						<line number="3176" hits="0"/>
						<line number="3177" hits="0"/>
						<line number="3178" hits="0"/>
						<line number="3198" hits="0"/>
						<line number="3239" hits="0"/>
						<line number="3241" hits="0"/>
						<line number="3242" hits="0"/>
						<line number="3244" hits="0"/>
						<line number="3245" hits="0"/>
						<line number="3246" hits="0"/>
						<line number="3247" hits="0"/>
						<line number="3258" hits="0"/>
						<line number="3266" hits="0"/>
						<line number="3267" hits="0"/>
						<line number="3268" hits="0"/>
						<line number="3269" hits="0"/>
						<line number="3270" hits="0"/>
						<line number="3287" hits="0"/>
						<line number="3293" hits="0"/>
						<line number="3392" hits="0"/>
						<line number="3393" hits="0"/>
						<line number="3429" hits="0"/>
						<line number="3435" hits="0"/>
						<line number="3436" hits="0"/>
						<line number="3437" hits="0"/>
						<line number="3438" hits="0"/>
						<line number="3439" hits="0"/>
						<line number="3502" hits="0"/>
						<line number="3504" hits="0"/>
						<line number="3505" hits="0"/>
						<line number="3506" hits="0"/>
						<line number="3507" hits="0"/>
						<line number="3508" hits="0"/>
						<line number="3509" hits="0"/>
						<line number="3510" hits="0"/>
						<line number="3511" hits="0"/>
						<line number="3521" hits="0"/>
						<line number="3543" hits="0"/>
						<line number="3544" hits="0"/>
						<line number="3545" hits="0"/>
						<line number="3546" hits="0"/>
						<line number="3547" hits="0"/>
						<line number="3647" hits="0"/>
						<line number="3650" hits="0"/>
						<line number="3694" hits="0"/>
						<line number="3696" hits="0"/>
						<line number="3697" hits="0"/>
						<line number="3698" hits="0"/>
						<line number="3699" hits="0"/>
						<line number="3700" hits="0"/>
						<line number="3701" hits="0"/>
						<line number="3702" hits="0"/>
						<line number="3703" hits="0"/>
						<line number="3704" hits="0"/>
						<line number="3705" hits="0"/>
						<line number="3706" hits="0"/>
						<line number="3707" hits="0"/>
						<line number="3762" hits="0"/>
						<line number="3768" hits="0"/>
						<line number="3798" hits="0"/>
						<line number="3809" hits="0"/>
						<line number="3810" hits="0"/>
						<line number="3811" hits="0"/>
						<line number="3812" hits="0"/>
						<line number="3813" hits="0"/>
						<line number="3814" hits="0"/>
						<line number="3815" hits="0"/>
						<line number="3816" hits="0"/>
						<line number="3817" hits="0"/>
						<line number="3818" hits="0"/>
						<line number="3823" hits="0"/>
						<line number="3834" hits="0"/>
						<line number="3846" hits="0"/>
						<line number="3847" hits="0"/>
						<line number="3848" hits="0"/>
						<line number="3849" hits="0"/>
						<line number="3850" hits="0"/>
						<line number="3902" hits="0"/>
						<line number="3909" hits="0"/>
						<line number="3958" hits="0"/>
						<line number="3964" hits="0"/>
						<line number="4066" hits="0"/>
						<line number="4075" hits="0"/>
						<line number="4076" hits="0"/>
						<line number="4077" hits="0"/>
						<line number="4078" hits="0"/>
						<line number="4079" hits="0"/>
						<line number="4080" hits="0"/>
						<line number="4081" hits="0"/>
						<line number="4082" hits="0"/>
						<line number="4101" hits="0"/>
						<line number="4127" hits="0"/>
						<line number="4128" hits="0"/>
						<line number="4129" hits="0"/>
						<line number="4130" hits="0"/>
						<line number="4131" hits="0"/>
						<line number="4132" hits="0"/>
						<line number="4164" hits="0"/>
						<line number="4165" hits="0"/>
						<line number="4332" hits="0"/>
						<line number="4339" hits="0"/>
						<line number="4340" hits="0"/>
						<line number="4342" hits="0"/>
						<line number="4343" hits="0"/>
						<line number="4382" hits="0"/>
						<line number="4419" hits="0"/>
						<line number="4423" hits="0"/>
						<line number="4424" hits="0"/>
						<line number="4598" hits="0"/>
						<line number="4603" hits="0"/>
						<line number="4679" hits="0"/>
						<line number="4681" hits="0"/>
						<line number="4854" hits="0"/>
						<line number="4935" hits="0"/>
						<line number="4938" hits="0"/>
						<line number="4939" hits="0"/>
						<line number="5109" hits="0"/>
						<line number="5116" hits="0"/>
						<line number="5117" hits="0"/>
						<line number="5118" hits="0"/>
						<line number="5119" hits="0"/>
						<line number="5120" hits="0"/>
						<line number="5121" hits="0"/>
						<line number="5122" hits="0"/>
						<line number="5194" hits="0"/>
						<line number="5196" hits="0"/>
						<line number="5197" hits="0"/>
						<line number="5372" hits="0"/>
						<line number="5379" hits="0"/>
						<line number="5380" hits="0"/>
						<line number="5381" hits="0"/>
						<line number="5382" hits="0"/>
						<line number="5383" hits="0"/>
						<line number="5452" hits="0"/>
						<line number="5453" hits="0"/>
						<line number="5638" hits="0"/>
						<line number="5640" hits="0"/>
						<line number="5641" hits="0"/>
						<line number="5642" hits="0"/>
						<line number="5643" hits="0"/>
						<line number="5645" hits="0"/>
						<line number="5646" hits="0"/>
						<line number="5647" hits="0"/>
						<line number="5708" hits="0"/>
						<line number="5902" hits="0"/>
						<line number="5905" hits="0"/>
						<line number="5906" hits="0"/>
						<line number="5907" hits="0"/>
						<line number="5908" hits="0"/>
						<line number="5962" hits="0"/>
						<line number="6157" hits="0"/>
						<line number="6166" hits="0"/>
						<line number="6167" hits="0"/>
						<line number="6169" hits="0"/>
						<line number="6215" hits="0"/>
						<line number="6222" hits="0"/>
						<line number="6471" hits="0"/>
						<line number="6479" hits="0"/>
						<line number="6727" hits="0"/>
						<line number="6982" hits="0"/>
						<line number="6993" hits="0"/>
						<line number="6994" hits="0"/>
						<line number="6995" hits="0"/>
						<line number="6997" hits="0"/>
						<line number="6998" hits="0"/>
						<line number="6999" hits="0"/>
						<line number="7000" hits="0"/>
						<line number="7001" hits="0"/>
						<line number="7002" hits="0"/>
						<line number="7253" hits="0"/>
						<line number="7259" hits="0"/>
					</lines>
				</class>
				<class name="chi_squared.py" filename="/Users/pers/GitHub/confidence/spotify_confidence/analysis/frequentist/chi_squared.py" complexity="0" line-rate="0.1667" branch-rate="0">
					<methods/>
					<lines>
						<line number="15" hits="1"/>
						<line number="17" hits="1"/>
						<line number="19" hits="1"/>
						<line number="20" hits="1"/>
						<line number="22" hits="1"/>
						<line number="23" hits="1"/>
						<line number="24" hits="1"/>
						<line number="25" hits="1"/>
						<line number="28" hits="1"/>
						<line number="30" hits="1"/>
						<line number="41" hits="0"/>
						<line number="72" hits="0"/>
						<line number="73" hits="0"/>
						<line number="75" hits="0"/>
						<line number="90" hits="0"/>
						<line number="91" hits="0"/>
						<line number="93" hits="0"/>
						<line number="286" hits="0"/>
						<line number="287" hits="0"/>
						<line number="288" hits="0"/>
						<line number="289" hits="0"/>
						<line number="290" hits="0"/>
						<line number="291" hits="0"/>
						<line number="292" hits="0"/>
						<line number="293" hits="0"/>
						<line number="294" hits="0"/>
						<line number="295" hits="0"/>
						<line number="297" hits="0"/>
						<line number="308" hits="0"/>
						<line number="309" hits="0"/>
						<line number="310" hits="0"/>
						<line number="311" hits="0"/>
						<line number="312" hits="0"/>
						<line number="313" hits="0"/>
						<line number="314" hits="0"/>
						<line number="315" hits="0"/>
						<line number="316" hits="0"/>
						<line number="317" hits="0"/>
						<line number="318" hits="0"/>
						<line number="331" hits="0"/>
						<line number="349" hits="0"/>
						<line number="542" hits="0"/>
						<line number="564" hits="0"/>
						<line number="832" hits="0"/>
						<line number="833" hits="0"/>
						<line number="834" hits="0"/>
						<line number="835" hits="0"/>
						<line number="836" hits="0"/>
						<line number="837" hits="0"/>
						<line number="838" hits="0"/>
						<line number="839" hits="0"/>
						<line number="1088" hits="0"/>
						<line number="1363" hits="0"/>
						<line number="1364" hits="0"/>
						<line number="1365" hits="0"/>
						<line number="1366" hits="0"/>
						<line number="1367" hits="0"/>
						<line number="1368" hits="0"/>
						<line number="1369" hits="0"/>
						<line number="1619" hits="0"/>
					</lines>
				</class>
				<class name="experiment.py" filename="/Users/pers/GitHub/confidence/spotify_confidence/analysis/frequentist/experiment.py" complexity="0" line-rate="0" branch-rate="0">
					<methods/>
					<lines>
						<line number="15" hits="0"/>
						<line number="17" hits="0"/>
						<line number="19" hits="0"/>
						<line number="20" hits="0"/>
						<line number="22" hits="0"/>
						<line number="23" hits="0"/>
						<line number="24" hits="0"/>
						<line number="25" hits="0"/>
						<line number="28" hits="0"/>
						<line number="30" hits="0"/>
						<line number="43" hits="0"/>
						<line number="286" hits="0"/>
						<line number="287" hits="0"/>
						<line number="288" hits="0"/>
						<line number="289" hits="0"/>
						<line number="290" hits="0"/>
						<line number="291" hits="0"/>
						<line number="292" hits="0"/>
						<line number="293" hits="0"/>
						<line number="294" hits="0"/>
						<line number="295" hits="0"/>
						<line number="296" hits="0"/>
						<line number="297" hits="0"/>
						<line number="299" hits="0"/>
						<line number="311" hits="0"/>
						<line number="312" hits="0"/>
						<line number="313" hits="0"/>
						<line number="314" hits="0"/>
						<line number="315" hits="0"/>
						<line number="316" hits="0"/>
						<line number="317" hits="0"/>
						<line number="318" hits="0"/>
						<line number="319" hits="0"/>
						<line number="320" hits="0"/>
						<line number="321" hits="0"/>
						<line number="542" hits="0"/>
						<line number="567" hits="0"/>
					</lines>
				</class>
				<class name="generic_test.py" filename="/Users/pers/GitHub/confidence/spotify_confidence/analysis/frequentist/generic_test.py" complexity="0" line-rate="0.12" branch-rate="0">
					<methods/>
					<lines>
						<line number="15" hits="1"/>
						<line number="17" hits="1"/>
						<line number="19" hits="1"/>
						<line number="20" hits="1"/>
						<line number="21" hits="1"/>
						<line number="23" hits="1"/>
						<line number="24" hits="1"/>
						<line number="26" hits="1"/>
						<line number="27" hits="1"/>
						<line number="28" hits="1"/>
						<line number="31" hits="1"/>
						<line number="33" hits="1"/>
						<line number="45" hits="1"/>
						<line number="46" hits="1"/>
						<line number="47" hits="1"/>
						<line number="48" hits="1"/>
						<line number="49" hits="1"/>
						<line number="50" hits="1"/>
						<line number="51" hits="1"/>
						<line number="53" hits="1"/>
						<line number="79" hits="1"/>
						<line number="90" hits="0"/>
						<line number="91" hits="0"/>
						<line number="108" hits="0"/>
						<line number="109" hits="0"/>
						<line number="125" hits="0"/>
						<line number="126" hits="0"/>
						<line number="137" hits="0"/>
						<line number="138" hits="0"/>
						<line number="139" hits="0"/>
						<line number="150" hits="0"/>
						<line number="172" hits="0"/>
						<line number="194" hits="0"/>
						<line number="211" hits="0"/>
						<line number="239" hits="0"/>
						<line number="245" hits="0"/>
						<line number="246" hits="0"/>
						<line number="247" hits="0"/>
						<line number="289" hits="0"/>
						<line number="290" hits="0"/>
						<line number="291" hits="0"/>
						<line number="292" hits="0"/>
						<line number="293" hits="0"/>
						<line number="294" hits="0"/>
						<line number="295" hits="0"/>
						<line number="296" hits="0"/>
						<line number="297" hits="0"/>
						<line number="298" hits="0"/>
						<line number="299" hits="0"/>
						<line number="309" hits="0"/>
						<line number="312" hits="0"/>
						<line number="313" hits="0"/>
						<line number="314" hits="0"/>
						<line number="315" hits="0"/>
						<line number="316" hits="0"/>
						<line number="317" hits="0"/>
						<line number="347" hits="0"/>
						<line number="365" hits="0"/>
						<line number="382" hits="0"/>
						<line number="406" hits="0"/>
						<line number="412" hits="0"/>
						<line number="413" hits="0"/>
						<line number="414" hits="0"/>
						<line number="415" hits="0"/>
						<line number="416" hits="0"/>
						<line number="417" hits="0"/>
						<line number="428" hits="0"/>
						<line number="433" hits="0"/>
						<line number="434" hits="0"/>
						<line number="435" hits="0"/>
						<line number="436" hits="0"/>
						<line number="437" hits="0"/>
						<line number="438" hits="0"/>
						<line number="450" hits="0"/>
						<line number="456" hits="0"/>
						<line number="457" hits="0"/>
						<line number="458" hits="0"/>
						<line number="459" hits="0"/>
						<line number="460" hits="0"/>
						<line number="461" hits="0"/>
						<line number="462" hits="0"/>
						<line number="467" hits="0"/>
						<line number="495" hits="0"/>
						<line number="545" hits="0"/>
						<line number="568" hits="0"/>
						<line number="575" hits="0"/>
						<line number="576" hits="0"/>
						<line number="578" hits="0"/>
						<line number="581" hits="0"/>
						<line number="582" hits="0"/>
						<line number="590" hits="0"/>
						<line number="668" hits="0"/>
						<line number="674" hits="0"/>
						<line number="689" hits="0"/>
						<line number="695" hits="0"/>
						<line number="712" hits="0"/>
						<line number="719" hits="0"/>
						<line number="837" hits="0"/>
						<line number="839" hits="0"/>
						<line number="840" hits="0"/>
						<line number="841" hits="0"/>
						<line number="842" hits="0"/>
						<line number="843" hits="0"/>
						<line number="844" hits="0"/>
						<line number="849" hits="0"/>
						<line number="850" hits="0"/>
						<line number="851" hits="0"/>
						<line number="852" hits="0"/>
						<line number="853" hits="0"/>
						<line number="854" hits="0"/>
						<line number="855" hits="0"/>
						<line number="856" hits="0"/>
						<line number="857" hits="0"/>
						<line number="1095" hits="0"/>
						<line number="1105" hits="0"/>
						<line number="1349" hits="0"/>
						<line number="1380" hits="0"/>
						<line number="1381" hits="0"/>
						<line number="1382" hits="0"/>
						<line number="1383" hits="0"/>
						<line number="1384" hits="0"/>
						<line number="1385" hits="0"/>
						<line number="1386" hits="0"/>
						<line number="1387" hits="0"/>
						<line number="1636" hits="0"/>
						<line number="1909" hits="0"/>
						<line number="1910" hits="0"/>
						<line number="1911" hits="0"/>
						<line number="1912" hits="0"/>
						<line number="1913" hits="0"/>
						<line number="1914" hits="0"/>
						<line number="1915" hits="0"/>
						<line number="1916" hits="0"/>
						<line number="2165" hits="0"/>
						<line number="2439" hits="0"/>
						<line number="2440" hits="0"/>
						<line number="2695" hits="0"/>
						<line number="2957" hits="0"/>
						<line number="2958" hits="0"/>
						<line number="2959" hits="0"/>
						<line number="2960" hits="0"/>
						<line number="2961" hits="0"/>
						<line number="2962" hits="0"/>
						<line number="2963" hits="0"/>
						<line number="2964" hits="0"/>
						<line number="2965" hits="0"/>
						<line number="3213" hits="0"/>
						<line number="3492" hits="0"/>
						<line number="3493" hits="0"/>
						<line number="3494" hits="0"/>
						<line number="3495" hits="0"/>
						<line number="3496" hits="0"/>
						<line number="3497" hits="0"/>
						<line number="3498" hits="0"/>
						<line number="3499" hits="0"/>
						<line number="3748" hits="0"/>
						<line number="4025" hits="0"/>
						<line number="4026" hits="0"/>
						<line number="4027" hits="0"/>
						<line number="4028" hits="0"/>
						<line number="4029" hits="0"/>
						<line number="4030" hits="0"/>
						<line number="4031" hits="0"/>
						<line number="4032" hits="0"/>
						<line number="4033" hits="0"/>
						<line number="4281" hits="0"/>
						<line number="4305" hits="0"/>
						<line number="4306" hits="0"/>
						<line number="4561" hits="0"/>
						<line number="4824" hits="0"/>
						<line number="4825" hits="0"/>
						<line number="5080" hits="0"/>
						<line number="5107" hits="0"/>
						<line number="5108" hits="0"/>
						<line number="5362" hits="0"/>
					</lines>
				</class>
				<class name="sample_ratio_test.py" filename="/Users/pers/GitHub/confidence/spotify_confidence/analysis/frequentist/sample_ratio_test.py" complexity="0" line-rate="0.125" branch-rate="0">
					<methods/>
					<lines>
						<line number="15" hits="1"/>
						<line number="16" hits="1"/>
						<line number="17" hits="1"/>
						<line number="18" hits="1"/>
						<line number="21" hits="1"/>
						<line number="46" hits="0"/>
						<line number="47" hits="0"/>
						<line number="50" hits="0"/>
						<line number="51" hits="0"/>
						<line number="52" hits="0"/>
						<line number="53" hits="0"/>
						<line number="55" hits="0"/>
						<line number="56" hits="0"/>
						<line number="57" hits="0"/>
						<line number="277" hits="0"/>
						<line number="314" hits="0"/>
						<line number="569" hits="0"/>
						<line number="573" hits="0"/>
						<line number="575" hits="0"/>
						<line number="576" hits="0"/>
						<line number="577" hits="0"/>
						<line number="578" hits="0"/>
						<line number="579" hits="0"/>
						<line number="581" hits="0"/>
						<line number="582" hits="0"/>
						<line number="583" hits="0"/>
						<line number="584" hits="0"/>
						<line number="585" hits="0"/>
						<line number="586" hits="0"/>
						<line number="588" hits="0"/>
						<line number="589" hits="0"/>
						<line number="590" hits="0"/>
						<line number="591" hits="0"/>
						<line number="593" hits="0"/>
						<line number="594" hits="0"/>
						<line number="595" hits="0"/>
						<line number="597" hits="0"/>
						<line number="598" hits="0"/>
						<line number="599" hits="0"/>
						<line number="601" hits="0"/>
					</lines>
				</class>
				<class name="sequential_bound_solver.py" filename="/Users/pers/GitHub/confidence/spotify_confidence/analysis/frequentist/sequential_bound_solver.py" complexity="0" line-rate="0.1304" branch-rate="0">
					<methods/>
					<lines>
						<line number="15" hits="1"/>
						<line number="16" hits="1"/>
						<line number="17" hits="1"/>
						<line number="20" hits="1"/>
						<line number="22" hits="0"/>
						<line number="23" hits="0"/>
						<line number="24" hits="0"/>
						<line number="25" hits="0"/>
						<line number="26" hits="0"/>
						<line number="27" hits="0"/>
						<line number="30" hits="1"/>
						<line number="31" hits="0"/>
						<line number="32" hits="0"/>
						<line number="33" hits="0"/>
						<line number="34" hits="0"/>
						<line number="35" hits="0"/>
						<line number="38" hits="1"/>
						<line number="43" hits="0"/>
						<line number="44" hits="0"/>
						<line number="45" hits="0"/>
						<line number="46" hits="0"/>
						<line number="47" hits="0"/>
						<line number="48" hits="0"/>
						<line number="49" hits="0"/>
						<line number="50" hits="0"/>
						<line number="51" hits="0"/>
						<line number="52" hits="0"/>
						<line number="53" hits="0"/>
						<line number="54" hits="0"/>
						<line number="55" hits="0"/>
						<line number="56" hits="0"/>
						<line number="57" hits="0"/>
						<line number="58" hits="0"/>
						<line number="59" hits="0"/>
						<line number="61" hits="0"/>
						<line number="62" hits="0"/>
						<line number="63" hits="0"/>
						<line number="66" hits="1"/>
						<line number="69" hits="1"/>
						<line number="70" hits="0"/>
						<line number="71" hits="0"/>
						<line number="72" hits="0"/>
						<line number="75" hits="1"/>
						<line number="76" hits="0"/>
						<line number="77" hits="0"/>
						<line number="78" hits="0"/>
						<line number="79" hits="0"/>
						<line number="92" hits="1"/>
						<line number="101" hits="1"/>
						<line number="102" hits="1"/>
						<line number="103" hits="0"/>
						<line number="105" hits="1"/>
						<line number="106" hits="1"/>
						<line number="108" hits="1"/>
						<line number="109" hits="1"/>
						<line number="111" hits="0"/>
						<line number="113" hits="1"/>
						<line number="114" hits="1"/>
						<line number="118" hits="0"/>
						<line number="120" hits="1"/>
						<line number="121" hits="0"/>
						<line number="122" hits="0"/>
						<line number="123" hits="0"/>
						<line number="148" hits="0"/>
						<line number="149" hits="0"/>
						<line number="151" hits="0"/>
						<line number="153" hits="0"/>
						<line number="154" hits="0"/>
						<line number="156" hits="0"/>
[...]
						<line number="65" hits="0"/>
						<line number="67" hits="0"/>
						<line number="73" hits="0"/>
						<line number="78" hits="0"/>
						<line number="92" hits="0"/>
						<line number="105" hits="0"/>
						<line number="133" hits="0"/>
						<line number="134" hits="0"/>
						<line number="143" hits="0"/>
						<line number="146" hits="0"/>
						<line number="162" hits="0"/>
						<line number="163" hits="0"/>
						<line number="164" hits="0"/>
						<line number="165" hits="0"/>
						<line number="167" hits="0"/>
						<line number="169" hits="0"/>
						<line number="170" hits="0"/>
						<line number="171" hits="0"/>
						<line number="172" hits="0"/>
						<line number="174" hits="0"/>
						<line number="176" hits="0"/>
						<line number="178" hits="0"/>
						<line number="179" hits="0"/>
						<line number="181" hits="0"/>
						<line number="283" hits="0"/>
						<line number="291" hits="0"/>
						<line number="297" hits="0"/>
						<line number="300" hits="0"/>
						<line number="305" hits="0"/>
						<line number="308" hits="0"/>
						<line number="314" hits="0"/>
						<line number="326" hits="0"/>
						<line number="327" hits="0"/>
						<line number="328" hits="0"/>
						<line number="330" hits="0"/>
						<line number="332" hits="0"/>
						<line number="350" hits="0"/>
						<line number="351" hits="0"/>
						<line number="362" hits="0"/>
						<line number="367" hits="0"/>
						<line number="368" hits="0"/>
						<line number="390" hits="0"/>
						<line number="394" hits="0"/>
						<line number="395" hits="0"/>
						<line number="396" hits="0"/>
						<line number="398" hits="0"/>
						<line number="401" hits="0"/>
						<line number="404" hits="0"/>
						<line number="405" hits="0"/>
						<line number="406" hits="0"/>
						<line number="407" hits="0"/>
						<line number="408" hits="0"/>
						<line number="409" hits="0"/>
						<line number="410" hits="0"/>
						<line number="411" hits="0"/>
						<line number="413" hits="0"/>
						<line number="414" hits="0"/>
						<line number="538" hits="0"/>
						<line number="541" hits="0"/>
						<line number="542" hits="0"/>
						<line number="544" hits="0"/>
						<line number="581" hits="0"/>
						<line number="586" hits="0"/>
						<line number="606" hits="0"/>
						<line number="618" hits="0"/>
						<line number="624" hits="0"/>
						<line number="669" hits="0"/>
						<line number="670" hits="0"/>
						<line number="841" hits="0"/>
						<line number="846" hits="0"/>
						<line number="847" hits="0"/>
						<line number="874" hits="0"/>
						<line number="883" hits="0"/>
						<line number="894" hits="0"/>
						<line number="896" hits="0"/>
						<line number="897" hits="0"/>
						<line number="898" hits="0"/>
						<line number="899" hits="0"/>
						<line number="900" hits="0"/>
						<line number="925" hits="0"/>
						<line number="926" hits="0"/>
						<line number="1102" hits="0"/>
						<line number="1105" hits="0"/>
						<line number="1106" hits="0"/>
						<line number="1129" hits="0"/>
						<line number="1150" hits="0"/>
						<line number="1181" hits="0"/>
						<line number="1183" hits="0"/>
						<line number="1360" hits="0"/>
						<line number="1364" hits="0"/>
						<line number="1365" hits="0"/>
						<line number="1367" hits="0"/>
						<line number="1368" hits="0"/>
						<line number="1369" hits="0"/>
						<line number="1370" hits="0"/>
						<line number="1437" hits="0"/>
						<line number="1439" hits="0"/>
						<line number="1623" hits="0"/>
						<line number="1629" hits="0"/>
						<line number="1630" hits="0"/>
						<line number="1693" hits="0"/>
						<line number="1695" hits="0"/>
						<line number="1885" hits="0"/>
						<line number="1889" hits="0"/>
						<line number="1949" hits="0"/>
						<line number="1953" hits="0"/>
						<line number="1975" hits="0"/>
						<line number="2141" hits="0"/>
						<line number="2396" hits="0"/>
						<line number="2405" hits="0"/>
						<line number="2406" hits="0"/>
						<line number="2408" hits="0"/>
						<line number="2422" hits="0"/>
						<line number="2423" hits="0"/>
						<line number="2678" hits="0"/>
						<line number="2679" hits="0"/>
						<line number="2680" hits="0"/>
						<line number="2681" hits="0"/>
						<line number="2935" hits="0"/>
						<line number="3190" hits="0"/>
						<line number="3194" hits="0"/>
						<line number="3446" hits="0"/>
						<line number="3451" hits="0"/>
						<line number="3702" hits="0"/>
						<line number="3708" hits="0"/>
						<line number="3957" hits="0"/>
					</lines>
				</class>
			</classes>
		</package>
		<package name=".Users.pers.GitHub.confidence.spotify_confidence.samplesize" line-rate="0.0398" branch-rate="0" complexity="0">
			<classes>
				<class name="__init__.py" filename="/Users/pers/GitHub/confidence/spotify_confidence/samplesize/__init__.py" complexity="0" line-rate="1" branch-rate="0">
					<methods/>
					<lines/>
				</class>
				<class name="sample_size_calculator.py" filename="/Users/pers/GitHub/confidence/spotify_confidence/samplesize/sample_size_calculator.py" complexity="0" line-rate="0.0398" branch-rate="0">
					<methods/>
					<lines>
						<line number="15" hits="1"/>
						<line number="16" hits="1"/>
						<line number="17" hits="1"/>
						<line number="18" hits="1"/>
						<line number="19" hits="1"/>
						<line number="22" hits="1"/>
						<line number="43" hits="1"/>
						<line number="44" hits="1"/>
						<line number="45" hits="1"/>
						<line number="46" hits="1"/>
						<line number="47" hits="1"/>
						<line number="48" hits="1"/>
						<line number="49" hits="1"/>
						<line number="51" hits="1"/>
						<line number="52" hits="1"/>
						<line number="98" hits="0"/>
						<line number="99" hits="0"/>
						<line number="101" hits="0"/>
						<line number="113" hits="0"/>
						<line number="165" hits="0"/>
						<line number="166" hits="0"/>
						<line number="167" hits="0"/>
						<line number="169" hits="0"/>
						<line number="181" hits="0"/>
						<line number="187" hits="0"/>
						<line number="188" hits="0"/>
						<line number="189" hits="0"/>
						<line number="190" hits="0"/>
						<line number="226" hits="0"/>
						<line number="227" hits="0"/>
						<line number="228" hits="0"/>
						<line number="229" hits="0"/>
						<line number="308" hits="0"/>
						<line number="357" hits="0"/>
						<line number="358" hits="0"/>
						<line number="361" hits="0"/>
						<line number="398" hits="0"/>
						<line number="399" hits="0"/>
						<line number="401" hits="0"/>
						<line number="403" hits="0"/>
						<line number="404" hits="0"/>
						<line number="405" hits="0"/>
						<line number="407" hits="0"/>
						<line number="408" hits="0"/>
						<line number="416" hits="0"/>
						<line number="440" hits="0"/>
						<line number="458" hits="0"/>
						<line number="459" hits="0"/>
						<line number="461" hits="0"/>
						<line number="482" hits="0"/>
						<line number="496" hits="1"/>
						<line number="512" hits="0"/>
						<line number="514" hits="0"/>
						<line number="515" hits="0"/>
						<line number="516" hits="0"/>
						<line number="517" hits="0"/>
						<line number="519" hits="0"/>
						<line number="520" hits="0"/>
						<line number="521" hits="0"/>
						<line number="522" hits="0"/>
						<line number="524" hits="0"/>
						<line number="542" hits="0"/>
						<line number="543" hits="0"/>
						<line number="546" hits="0"/>
						<line number="566" hits="0"/>
						<line number="567" hits="0"/>
						<line number="569" hits="0"/>
						<line number="570" hits="0"/>
						<line number="572" hits="0"/>
						<line number="593" hits="0"/>
						<line number="594" hits="0"/>
						<line number="596" hits="0"/>
						<line number="597" hits="0"/>
						<line number="598" hits="0"/>
						<line number="601" hits="0"/>
						<line number="602" hits="0"/>
						<line number="604" hits="0"/>
						<line number="629" hits="0"/>
						<line number="631" hits="0"/>
						<line number="633" hits="0"/>
						<line number="635" hits="0"/>
						<line number="687" hits="0"/>
						<line number="689" hits="0"/>
						<line number="690" hits="0"/>
						<line number="692" hits="0"/>
						<line number="694" hits="0"/>
						<line number="696" hits="0"/>
						<line number="705" hits="0"/>
						<line number="708" hits="0"/>
						<line number="709" hits="0"/>
						<line number="710" hits="0"/>
						<line number="711" hits="0"/>
						<line number="717" hits="0"/>
						<line number="753" hits="0"/>
						<line number="754" hits="0"/>
						<line number="755" hits="0"/>
						<line number="756" hits="0"/>
						<line number="757" hits="0"/>
						<line number="758" hits="0"/>
						<line number="759" hits="0"/>
						<line number="761" hits="0"/>
						<line number="763" hits="0"/>
						<line number="764" hits="0"/>
						<line number="766" hits="0"/>
						<line number="783" hits="0"/>
						<line number="784" hits="0"/>
						<line number="785" hits="0"/>
						<line number="786" hits="0"/>
						<line number="788" hits="0"/>
						<line number="804" hits="0"/>
						<line number="805" hits="0"/>
						<line number="807" hits="0"/>
						<line number="824" hits="0"/>
						<line number="825" hits="0"/>
						<line number="827" hits="0"/>
						<line number="828" hits="0"/>
						<line number="843" hits="0"/>
						<line number="844" hits="0"/>
						<line number="846" hits="0"/>
						<line number="847" hits="0"/>
						<line number="850" hits="0"/>
						<line number="891" hits="0"/>
						<line number="893" hits="0"/>
						<line number="924" hits="0"/>
						<line number="928" hits="0"/>
						<line number="929" hits="0"/>
						<line number="930" hits="0"/>
						<line number="946" hits="0"/>
						<line number="948" hits="0"/>
						<line number="950" hits="0"/>
						<line number="951" hits="0"/>
						<line number="964" hits="0"/>
						<line number="1007" hits="0"/>
						<line number="1008" hits="0"/>
						<line number="1011" hits="0"/>
						<line number="1017" hits="0"/>
						<line number="1022" hits="0"/>
						<line number="1038" hits="0"/>
						<line number="1039" hits="0"/>
						<line number="1060" hits="0"/>
						<line number="1061" hits="0"/>
						<line number="1089" hits="0"/>
						<line number="1090" hits="0"/>
						<line number="1118" hits="0"/>
						<line number="1119" hits="0"/>
						<line number="1147" hits="0"/>
						<line number="1150" hits="0"/>
						<line number="1153" hits="0"/>
						<line number="1154" hits="0"/>
						<line number="1155" hits="0"/>
						<line number="1156" hits="0"/>
						<line number="1158" hits="0"/>
						<line number="1159" hits="0"/>
						<line number="1161" hits="0"/>
						<line number="1163" hits="0"/>
						<line number="1164" hits="0"/>
						<line number="1185" hits="0"/>
						<line number="1187" hits="0"/>
						<line number="1206" hits="0"/>
						<line number="1208" hits="0"/>
						<line number="1212" hits="0"/>
						<line number="1213" hits="0"/>
						<line number="1216" hits="0"/>
						<line number="1217" hits="0"/>
						<line number="1219" hits="0"/>
						<line number="1221" hits="0"/>
						<line number="1223" hits="0"/>
						<line number="1224" hits="0"/>
						<line number="1225" hits="0"/>
						<line number="1226" hits="0"/>
						<line number="1227" hits="0"/>
						<line number="1244" hits="0"/>
						<line number="1245" hits="0"/>
						<line number="1273" hits="0"/>
						<line number="1280" hits="0"/>
						<line number="1281" hits="0"/>
						<line number="1282" hits="0"/>
						<line number="1283" hits="0"/>
						<line number="1284" hits="0"/>
						<line number="1285" hits="0"/>
						<line number="1286" hits="0"/>
						<line number="1287" hits="0"/>
						<line number="1288" hits="0"/>
						<line number="1302" hits="0"/>
						<line number="1303" hits="0"/>
						<line number="1321" hits="0"/>
						<line number="1322" hits="0"/>
						<line number="1341" hits="0"/>
						<line number="1342" hits="0"/>
						<line number="1441" hits="0"/>
						<line number="1444" hits="0"/>
						<line number="1479" hits="0"/>
						<line number="1481" hits="0"/>
						<line number="1482" hits="0"/>
						<line number="1483" hits="0"/>
						<line number="1485" hits="0"/>
						<line number="1486" hits="0"/>
						<line number="1488" hits="0"/>
						<line number="1489" hits="0"/>
						<line number="1490" hits="0"/>
						<line number="1491" hits="0"/>
						<line number="1492" hits="0"/>
						<line number="1493" hits="0"/>
						<line number="1494" hits="0"/>
						<line number="1495" hits="0"/>
						<line number="1496" hits="0"/>
						<line number="1497" hits="0"/>
						<line number="1537" hits="0"/>
						<line number="1547" hits="0"/>
						<line number="1553" hits="0"/>
						<line number="1697" hits="0"/>
						<line number="1701" hits="0"/>
						<line number="1738" hits="0"/>
						<line number="1741" hits="0"/>
						<line number="1742" hits="0"/>
						<line number="1743" hits="0"/>
						<line number="1744" hits="0"/>
						<line number="1752" hits="0"/>
						<line number="1803" hits="0"/>
						<line number="1811" hits="0"/>
						<line number="1813" hits="0"/>
						<line number="1814" hits="0"/>
						<line number="1815" hits="0"/>
						<line number="1816" hits="0"/>
						<line number="1817" hits="0"/>
						<line number="1818" hits="0"/>
						<line number="1953" hits="0"/>
						<line number="1958" hits="0"/>
						<line number="1999" hits="0"/>
						<line number="2001" hits="0"/>
						<line number="2002" hits="0"/>
						<line number="2003" hits="0"/>
						<line number="2007" hits="0"/>
						<line number="2010" hits="0"/>
						<line number="2012" hits="0"/>
						<line number="2013" hits="0"/>
						<line number="2014" hits="0"/>
						<line number="2069" hits="0"/>
						<line number="2076" hits="0"/>
						<line number="2081" hits="0"/>
						<line number="2209" hits="0"/>
						<line number="2216" hits="0"/>
						<line number="2258" hits="0"/>
						<line number="2260" hits="0"/>
						<line number="2261" hits="0"/>
						<line number="2262" hits="0"/>
						<line number="2332" hits="0"/>
						<line number="2340" hits="0"/>
						<line number="2342" hits="0"/>
						<line number="2343" hits="0"/>
						<line number="2344" hits="0"/>
						<line number="2345" hits="0"/>
						<line number="2346" hits="0"/>
						<line number="2347" hits="0"/>
						<line number="2348" hits="0"/>
						<line number="2465" hits="0"/>
						<line number="2474" hits="0"/>
						<line number="2517" hits="0"/>
						<line number="2598" hits="0"/>
						<line number="2606" hits="0"/>
						<line number="2607" hits="0"/>
						<line number="2608" hits="0"/>
						<line number="2609" hits="0"/>
						<line number="2610" hits="0"/>
						<line number="2611" hits="0"/>
						<line number="2721" hits="0"/>
						<line number="2733" hits="0"/>
						<line number="2772" hits="0"/>
						<line number="2776" hits="0"/>
						<line number="2778" hits="0"/>
						<line number="2862" hits="0"/>
						<line number="2869" hits="0"/>
						<line number="2870" hits="0"/>
						<line number="2871" hits="0"/>
						<line number="2872" hits="0"/>
						<line number="2873" hits="0"/>
						<line number="2874" hits="0"/>
						<line number="2875" hits="0"/>
						<line number="2977" hits="0"/>
						<line number="3125" hits="0"/>
						<line number="3133" hits="0"/>
						<line number="3134" hits="0"/>
						<line number="3135" hits="0"/>
						<line number="3136" hits="0"/>
						<line number="3137" hits="0"/>
						<line number="3232" hits="0"/>
						<line number="3248" hits="0"/>
						<line number="3249" hits="0"/>
						<line number="3250" hits="0"/>
						<line number="3251" hits="0"/>
						<line number="3389" hits="0"/>
						<line number="3395" hits="0"/>
						<line number="3396" hits="0"/>
						<line number="3397" hits="0"/>
						<line number="3398" hits="0"/>
						<line number="3399" hits="0"/>
						<line number="3400" hits="0"/>
						<line number="3401" hits="0"/>
						<line number="3402" hits="0"/>
						<line number="3403" hits="0"/>
						<line number="3504" hits="0"/>
						<line number="3508" hits="0"/>
						<line number="3509" hits="0"/>
						<line number="3510" hits="0"/>
						<line number="3511" hits="0"/>
						<line number="3651" hits="0"/>
						<line number="3661" hits="0"/>
						<line number="3670" hits="0"/>
						<line number="3764" hits="0"/>
						<line number="3768" hits="0"/>
						<line number="3769" hits="0"/>
						<line number="3770" hits="0"/>
						<line number="3917" hits="0"/>
						<line number="3928" hits="0"/>
						<line number="3929" hits="0"/>
						<line number="3930" hits="0"/>
						<line number="4025" hits="0"/>
						<line number="4028" hits="0"/>
						<line number="4184" hits="0"/>
						<line number="4188" hits="0"/>
						<line number="4189" hits="0"/>
						<line number="4190" hits="0"/>
						<line number="4191" hits="0"/>
						<line number="4192" hits="0"/>
						<line number="4193" hits="0"/>
						<line number="4194" hits="0"/>
						<line number="4281" hits="0"/>
						<line number="4285" hits="0"/>
						<line number="4444" hits="0"/>
						<line number="4453" hits="0"/>
						<line number="4455" hits="0"/>
						<line number="4457" hits="0"/>
						<line number="4458" hits="0"/>
						<line number="4459" hits="0"/>
						<line number="4461" hits="0"/>
						<line number="4463" hits="0"/>
						<line number="4464" hits="0"/>
						<line number="4537" hits="0"/>
						<line number="4542" hits="0"/>
						<line number="4716" hits="0"/>
						<line number="4793" hits="0"/>
						<line number="4799" hits="0"/>
						<line number="4971" hits="0"/>
						<line number="4978" hits="0"/>
						<line number="4980" hits="0"/>
						<line number="4981" hits="0"/>
						<line number="4982" hits="0"/>
						<line number="5049" hits="0"/>
						<line number="5057" hits="0"/>
						<line number="5235" hits="0"/>
						<line number="5305" hits="0"/>
						<line number="5315" hits="0"/>
						<line number="5490" hits="0"/>
						<line number="5496" hits="0"/>
						<line number="5497" hits="0"/>
						<line number="5498" hits="0"/>
						<line number="5499" hits="0"/>
						<line number="5500" hits="0"/>
						<line number="5501" hits="0"/>
						<line number="5502" hits="0"/>
						<line number="5503" hits="0"/>
						<line number="5505" hits="0"/>
						<line number="5506" hits="0"/>
						<line number="5561" hits="0"/>
						<line number="5574" hits="0"/>
						<line number="5760" hits="0"/>
						<line number="5817" hits="0"/>
						<line number="6015" hits="0"/>
						<line number="6072" hits="0"/>
						<line number="6089" hits="0"/>
						<line number="6097" hits="0"/>
						<line number="6098" hits="0"/>
						<line number="6099" hits="0"/>
						<line number="6249" hits="0"/>
						<line number="6278" hits="0"/>
						<line number="6354" hits="0"/>
						<line number="6356" hits="0"/>
						<line number="6370" hits="0"/>
						<line number="6371" hits="0"/>
						<line number="6372" hits="0"/>
						<line number="6373" hits="0"/>
						<line number="6374" hits="0"/>
						<line number="6375" hits="0"/>
						<line number="6376" hits="0"/>
						<line number="6377" hits="0"/>
						<line number="6378" hits="0"/>
						<line number="6610" hits="0"/>
						<line number="6626" hits="0"/>
						<line number="6637" hits="0"/>
						<line number="6865" hits="0"/>
						<line number="6869" hits="0"/>
						<line number="6870" hits="0"/>
						<line number="6871" hits="0"/>
						<line number="6872" hits="0"/>
						<line number="6874" hits="0"/>
						<line number="6876" hits="0"/>
						<line number="6877" hits="0"/>
						<line number="7132" hits="0"/>
						<line number="7133" hits="0"/>
						<line number="7388" hits="0"/>
						<line number="7391" hits="0"/>
						<line number="7392" hits="0"/>
					</lines>
				</class>
			</classes>
		</package>
	</packages>
</coverage>
