<?xml version="1.0" encoding="UTF-8"?><testsuite name="nosetests" tests="442" errors="0" failures="0" skip="0"><testcase classname="sknrf.app.dataviewer.model.tests.test_dataset.Test_DatagroupBasic" name="test_add_dataset" time="0.017"></testcase><testcase classname="sknrf.app.dataviewer.model.tests.test_dataset.Test_DatagroupBasic" name="test_add_dataset_twice" time="0.014"></testcase><testcase classname="sknrf.app.dataviewer.model.tests.test_dataset.Test_DatagroupBasic" name="test_create_datagroup" time="0.001"></testcase><testcase classname="sknrf.app.dataviewer.model.tests.test_dataset.Test_DatagroupBasic" name="test_get_dataset" time="0.014"></testcase><testcase classname="sknrf.app.dataviewer.model.tests.test_dataset.Test_DatagroupBasic" name="test_remove_dataset" time="0.014"></testcase><testcase classname="sknrf.app.dataviewer.model.tests.test_dataset.Test_DatagroupBasic" name="test_rename_dataset" time="0.014"></testcase><testcase classname="sknrf.app.dataviewer.model.tests.test_dataset.Test_DatasetAdvanced" name="test_add_bad_equation" time="0.015"></testcase><testcase classname="sknrf.app.dataviewer.model.tests.test_dataset.Test_DatasetAdvanced" name="test_add_mixed_equation" time="0.016"></testcase><testcase classname="sknrf.app.dataviewer.model.tests.test_dataset.Test_DatasetAdvanced" name="test_add_signal_equation" time="0.015"></testcase><testcase classname="sknrf.app.dataviewer.model.tests.test_dataset.Test_DatasetAdvanced" name="test_add_subset_equations" time="0.015"></testcase><testcase classname="sknrf.app.dataviewer.model.tests.test_dataset.Test_DatasetAdvanced" name="test_index_equaton" time="0.015"></testcase><testcase classname="sknrf.app.dataviewer.model.tests.test_dataset.Test_DatasetAdvanced" name="test_subset_equation" time="0.015"></testcase><testcase classname="sknrf.app.dataviewer.model.tests.test_dataset.Test_DatasetAdvanced" name="test_subset_equation2" time="0.015"></testcase><testcase classname="sknrf.app.dataviewer.model.tests.test_dataset.Test_DatasetBasic" name="test_add_equation" time="0.015"></testcase><testcase classname="sknrf.app.dataviewer.model.tests.test_dataset.Test_DatasetBasic" name="test_add_equation_twice" time="0.016"></testcase><testcase classname="sknrf.app.dataviewer.model.tests.test_dataset.Test_DatasetBasic" name="test_get_equation" time="0.015"></testcase><testcase classname="sknrf.app.dataviewer.model.tests.test_dataset.Test_DatasetBasic" name="test_remove_equation" time="0.015"></testcase><testcase classname="sknrf.app.dataviewer.model.tests.test_dataset.Test_DatasetBasic" name="test_rename_equation" time="0.016"></testcase><testcase classname="sknrf.app.dataviewer.model.tests.test_dataset.Test_IQFileBasic" name="test_create_iq_file" time="0.005"></testcase><testcase classname="sknrf.app.dataviewer.model.tests.test_dataset.Test_IQFileBasic" name="test_from_txt" time="1.444"></testcase><testcase classname="sknrf.app.dataviewer.model.tests.test_dataset.Test_IQFileBasic" name="test_from_waveform" time="0.018"></testcase><testcase classname="sknrf.app.dataviewer.model.tests.test_dataset.Test_IQFileBasic" name="test_to_txt" time="0.007"></testcase><testcase classname="sknrf.app.dataviewer.model.tests.test_dataset.Test_IQFileBasic" name="test_to_waveform_dtype" time="0.005"></testcase><testcase classname="sknrf.app.dataviewer.model.tests.test_dataset.Test_IQFileBasic" name="test_to_waveform_shape" time="0.004"></testcase><testcase classname="sknrf.app.dataviewer.model.tests.test_dataset.Test_IQFileBasic" name="test_to_waveform_type" time="0.004"></testcase><testcase classname="sknrf.app.dataviewer.model.tests.test_dataset.Test_IQFileBasic" name="test_tostring" time="0.003"></testcase><testcase classname="sknrf.app.dataviewer.model.tests.test_mdif.Test01MDIFReadDatagroup" name="test_datagroup" time="0.253"><system-err><![CDATA[/home/dylan/miniforge3/envs/env/lib/python3.7/site-packages/tables/utils.py:98: ComplexWarning: Casting complex values to real discards the imaginary part
  nparr = numpy.array(nparr, dtype=atom.dtype, copy=copy)
/home/dylan/repos/sknrf-core/sknrf/app/dataviewer/model/mdif.py:318: ComplexWarning: Casting complex values to real discards the imaginary part
  sweep_value = th.as_tensor(np.asarray(sweep_value).astype(np.float), dtype=th.double)
]]></system-err></testcase><testcase classname="sknrf.app.dataviewer.model.tests.test_mdif.Test01MDIFReadDatagroup" name="test_single_dataset" time="0.025"></testcase><testcase classname="sknrf.app.dataviewer.model.tests.test_mdif.Test01MDIFReadDatagroup" name="test_sweep_dataset" time="0.041"></testcase><testcase classname="sknrf.app.dataviewer.model.tests.test_mdif.Test02MDIFWriteDatagroup" name="test_datagroup" time="0.176"></testcase><testcase classname="sknrf.app.dataviewer.model.tests.test_mdif.Test02MDIFWriteDatagroup" name="test_single_dataset" time="0.011"></testcase><testcase classname="sknrf.app.dataviewer.model.tests.test_mdif.Test02MDIFWriteDatagroup" name="test_sweep_dataset" time="0.015"></testcase><testcase classname="sknrf.app.dataviewer.model.tests.test_mdif.TestMDIFRead" name="test_01_comment" time="0.000"></testcase><testcase classname="sknrf.app.dataviewer.model.tests.test_mdif.TestMDIFRead" name="test_02_sweep" time="0.000"></testcase><testcase classname="sknrf.app.dataviewer.model.tests.test_mdif.TestMDIFRead" name="test_03_attribute" time="0.001"></testcase><testcase classname="sknrf.app.dataviewer.model.tests.test_mdif.TestMDIFRead" name="test_04_dependent" time="0.001"></testcase><testcase classname="sknrf.app.dataviewer.model.tests.test_mdif.TestMDIFRead" name="test_05_group" time="0.001"></testcase><testcase classname="sknrf.app.dataviewer.model.tests.test_mdif.TestMDIFRead2" name="test_dscr" time="0.000"></testcase><testcase classname="sknrf.app.dataviewer.model.tests.test_mdif.TestMDIFStrings" name="test_binary" time="0.000"></testcase><testcase classname="sknrf.app.dataviewer.model.tests.test_mdif.TestMDIFStrings" name="test_boolean" time="0.000"></testcase><testcase classname="sknrf.app.dataviewer.model.tests.test_mdif.TestMDIFStrings" name="test_byte" time="0.000"></testcase><testcase classname="sknrf.app.dataviewer.model.tests.test_mdif.TestMDIFStrings" name="test_complex" time="0.000"></testcase><testcase classname="sknrf.app.dataviewer.model.tests.test_mdif.TestMDIFStrings" name="test_hexadecimal" time="0.000"></testcase><testcase classname="sknrf.app.dataviewer.model.tests.test_mdif.TestMDIFStrings" name="test_int" time="0.000"></testcase><testcase classname="sknrf.app.dataviewer.model.tests.test_mdif.TestMDIFStrings" name="test_octal" time="0.000"></testcase><testcase classname="sknrf.app.dataviewer.model.tests.test_mdif.TestMDIFStrings" name="test_real" time="0.000"></testcase><testcase classname="sknrf.app.dataviewer.model.tests.test_mdif.TestMDIFStrings" name="test_string" time="0.000"></testcase><testcase classname="sknrf.app.dataviewer.model.tests.test_mdif.TestMDIFValues" name="test_binary" time="0.000"></testcase><testcase classname="sknrf.app.dataviewer.model.tests.test_mdif.TestMDIFValues" name="test_boolean" time="0.000"></testcase><testcase classname="sknrf.app.dataviewer.model.tests.test_mdif.TestMDIFValues" name="test_byte" time="0.000"></testcase><testcase classname="sknrf.app.dataviewer.model.tests.test_mdif.TestMDIFValues" name="test_complex" time="0.000"></testcase><testcase classname="sknrf.app.dataviewer.model.tests.test_mdif.TestMDIFValues" name="test_hexadecimal" time="0.000"></testcase><testcase classname="sknrf.app.dataviewer.model.tests.test_mdif.TestMDIFValues" name="test_int" time="0.000"></testcase><testcase classname="sknrf.app.dataviewer.model.tests.test_mdif.TestMDIFValues" name="test_octal" time="0.000"></testcase><testcase classname="sknrf.app.dataviewer.model.tests.test_mdif.TestMDIFValues" name="test_real" time="0.000"></testcase><testcase classname="sknrf.app.dataviewer.model.tests.test_mdif.TestMDIFValues" name="test_string" time="0.000"></testcase><testcase classname="sknrf.app.dataviewer.model.tests.test_mdif.TestMDIFWrite" name="test_dscr" time="0.001"></testcase><testcase classname="sknrf.app.dataviewer.model.tests.test_preview.TestDatasetPreviewPlot" name="test_polar_tf" time="0.102"></testcase><testcase classname="sknrf.app.dataviewer.model.tests.test_preview.TestDatasetPreviewPlot" name="test_rectangular_ff" time="0.102"></testcase><testcase classname="sknrf.app.dataviewer.model.tests.test_preview.TestDatasetPreviewPlot" name="test_rectangular_ft" time="0.103"></testcase><testcase classname="sknrf.app.dataviewer.model.tests.test_preview.TestDatasetPreviewPlot" name="test_rectangular_tf" time="0.102"></testcase><testcase classname="sknrf.app.dataviewer.model.tests.test_preview.TestDatasetPreviewPlot" name="test_rectangular_tt" time="0.102"></testcase><testcase classname="sknrf.app.dataviewer.model.tests.test_preview.TestDatasetPreviewPlot" name="test_smith_tf" time="0.113"></testcase><testcase classname="sknrf.app.dataviewer.model.tests.test_preview.TestLFPreviewPlot" name="test_polar_tf" time="0.106"></testcase><testcase classname="sknrf.app.dataviewer.model.tests.test_preview.TestLFPreviewPlot" name="test_rectangular_ff" time="0.109"></testcase><testcase classname="sknrf.app.dataviewer.model.tests.test_preview.TestLFPreviewPlot" name="test_rectangular_ft" time="0.115"></testcase><testcase classname="sknrf.app.dataviewer.model.tests.test_preview.TestLFPreviewPlot" name="test_rectangular_tf" time="0.111"></testcase><testcase classname="sknrf.app.dataviewer.model.tests.test_preview.TestLFPreviewPlot" name="test_rectangular_tt" time="0.110"></testcase><testcase classname="sknrf.app.dataviewer.model.tests.test_preview.TestLFPreviewPlot" name="test_smith_tf" time="0.109"></testcase><testcase classname="sknrf.app.dataviewer.model.tests.test_preview.TestRFPreviewPlot" name="test_polar_tf" time="0.107"></testcase><testcase classname="sknrf.app.dataviewer.model.tests.test_preview.TestRFPreviewPlot" name="test_rectangular_ff" time="0.110"></testcase><testcase classname="sknrf.app.dataviewer.model.tests.test_preview.TestRFPreviewPlot" name="test_rectangular_ft" time="0.109"></testcase><testcase classname="sknrf.app.dataviewer.model.tests.test_preview.TestRFPreviewPlot" name="test_rectangular_tf" time="0.110"></testcase><testcase classname="sknrf.app.dataviewer.model.tests.test_preview.TestRFPreviewPlot" name="test_rectangular_tt" time="0.110"></testcase><testcase classname="sknrf.app.dataviewer.model.tests.test_preview.TestRFPreviewPlot" name="test_smith_tf" time="0.172"></testcase><testcase classname="sknrf.app.dataviewer.model.tests.test_snp.TestSNPRead" name="test_s1p_KHZ_S_RI_R_50" time="0.001"></testcase><testcase classname="sknrf.app.dataviewer.model.tests.test_snp.TestSNPRead" name="test_s2p_GHZ_S_RI_R_50" time="0.000"></testcase><testcase classname="sknrf.app.dataviewer.model.tests.test_snp.TestSNPRead" name="test_s3p_GHZ_S_DB_R_50" time="0.000"></testcase><testcase classname="sknrf.app.dataviewer.model.tests.test_snp.TestSNPRead" name="test_s4p_GHZ_S_MA_R_50" time="0.000"></testcase><testcase classname="sknrf.app.dataviewer.model.tests.test_snp.TestSNPRead" name="test_y3p_GHZ_Y_MA_R_1" time="0.000"></testcase><testcase classname="sknrf.app.dataviewer.model.tests.test_snp.TestSNPReadNetwork" name="test_read_network" time="0.001"></testcase><testcase classname="sknrf.app.dataviewer.model.tests.test_snp.TestSNPWrite" name="test_s1p_KHZ_S_RI_R_50" time="0.001"></testcase><testcase classname="sknrf.app.dataviewer.model.tests.test_snp.TestSNPWrite" name="test_s2p_GHZ_S_RI_R_50" time="0.000"></testcase><testcase classname="sknrf.app.dataviewer.model.tests.test_snp.TestSNPWrite" name="test_s3p_GHZ_S_DB_R_50" time="0.001"></testcase><testcase classname="sknrf.app.dataviewer.model.tests.test_snp.TestSNPWrite" name="test_s4p_GHZ_S_MA_R_50" time="0.001"></testcase><testcase classname="sknrf.app.dataviewer.model.tests.test_snp.TestSNPWrite" name="test_y3p_GHZ_Y_MA_R_1" time="0.001"></testcase><testcase classname="sknrf.app.dataviewer.model.tests.test_snp.TestSNPWriteNetwork" name="test_write_network" time="0.001"></testcase><testcase classname="sknrf.device.signal.tests.test_ff.TestFFTransforms" name="test_ff" time="0.001"></testcase><testcase classname="sknrf.device.signal.tests.test_ff.TestFFTransforms" name="test_ff_o_ft" time="0.001"></testcase><testcase classname="sknrf.device.signal.tests.test_ff.TestFFTransforms" name="test_ff_o_ft_bound_out" time="0.001"></testcase><testcase classname="sknrf.device.signal.tests.test_ff.TestFFTransforms" name="test_ff_o_tf" time="0.001"></testcase><testcase classname="sknrf.device.signal.tests.test_ff.TestFFTransforms" name="test_ff_o_tf_bound_out" time="0.000"></testcase><testcase classname="sknrf.device.signal.tests.test_ff.TestFFTransforms" name="test_ff_o_tt" time="0.001"></testcase><testcase classname="sknrf.device.signal.tests.test_ff.TestFFTransforms" name="test_ff_o_tt_bound_out" time="0.001"></testcase><testcase classname="sknrf.device.signal.tests.test_ff.TestFFTransforms" name="test_ft" time="0.000"></testcase><testcase classname="sknrf.device.signal.tests.test_ff.TestFFTransforms" name="test_plot" time="0.000"></testcase><testcase classname="sknrf.device.signal.tests.test_ff.TestFFTransforms" name="test_tf" time="0.000"></testcase><testcase classname="sknrf.device.signal.tests.test_ff.TestFFTransforms" name="test_tt" time="0.000"></testcase><testcase classname="sknrf.device.signal.tests.test_ft.TestFTTransforms" name="test_ff" time="0.001"></testcase><testcase classname="sknrf.device.signal.tests.test_ft.TestFTTransforms" name="test_ft" time="0.000"></testcase><testcase classname="sknrf.device.signal.tests.test_ft.TestFTTransforms" name="test_ft_o_ff" time="0.001"></testcase><testcase classname="sknrf.device.signal.tests.test_ft.TestFTTransforms" name="test_ft_o_ff_bound_out" time="0.001"></testcase><testcase classname="sknrf.device.signal.tests.test_ft.TestFTTransforms" name="test_ft_o_tf" time="0.001"></testcase><testcase classname="sknrf.device.signal.tests.test_ft.TestFTTransforms" name="test_ft_o_tf_bound_out" time="0.001"></testcase><testcase classname="sknrf.device.signal.tests.test_ft.TestFTTransforms" name="test_ft_o_tt" time="0.001"></testcase><testcase classname="sknrf.device.signal.tests.test_ft.TestFTTransforms" name="test_ft_o_tt_bound_out" time="0.001"></testcase><testcase classname="sknrf.device.signal.tests.test_ft.TestFTTransforms" name="test_plot" time="0.000"></testcase><testcase classname="sknrf.device.signal.tests.test_ft.TestFTTransforms" name="test_tf" time="0.001"></testcase><testcase classname="sknrf.device.signal.tests.test_ft.TestFTTransforms" name="test_tt" time="0.000"></testcase><testcase classname="sknrf.device.signal.tests.test_tf.TestTFModulation" name="test_cw" time="0.001"></testcase><testcase classname="sknrf.device.signal.tests.test_tf.TestTFModulation" name="test_iq_modulated" time="0.001"></testcase><testcase classname="sknrf.device.signal.tests.test_tf.TestTFModulation" name="test_iq_modulated_set_avg_mean" time="0.001"></testcase><testcase classname="sknrf.device.signal.tests.test_tf.TestTFModulation" name="test_iq_modulated_set_avg_rms" time="0.001"></testcase><testcase classname="sknrf.device.signal.tests.test_tf.TestTFModulation" name="test_iq_modulated_set_iq" time="0.001"></testcase><testcase classname="sknrf.device.signal.tests.test_tf.TestTFModulation" name="test_iq_modulated_set_pk" time="0.001"></testcase><testcase classname="sknrf.device.signal.tests.test_tf.TestTFModulation" name="test_pulse_modulated" time="0.001"></testcase><testcase classname="sknrf.device.signal.tests.test_tf.TestTFTransforms" name="test_ff" time="0.001"></testcase><testcase classname="sknrf.device.signal.tests.test_tf.TestTFTransforms" name="test_ft" time="0.001"></testcase><testcase classname="sknrf.device.signal.tests.test_tf.TestTFTransforms" name="test_plot" time="0.000"></testcase><testcase classname="sknrf.device.signal.tests.test_tf.TestTFTransforms" name="test_tf" time="0.000"></testcase><testcase classname="sknrf.device.signal.tests.test_tf.TestTFTransforms" name="test_tf_o_ff" time="0.001"></testcase><testcase classname="sknrf.device.signal.tests.test_tf.TestTFTransforms" name="test_tf_o_ff_bound_out" time="0.001"></testcase><testcase classname="sknrf.device.signal.tests.test_tf.TestTFTransforms" name="test_tf_o_ft" time="0.001"></testcase><testcase classname="sknrf.device.signal.tests.test_tf.TestTFTransforms" name="test_tf_o_ft_bound_out" time="0.001"></testcase><testcase classname="sknrf.device.signal.tests.test_tf.TestTFTransforms" name="test_tf_o_tt" time="0.001"></testcase><testcase classname="sknrf.device.signal.tests.test_tf.TestTFTransforms" name="test_tf_o_tt_bound_out" time="0.001"></testcase><testcase classname="sknrf.device.signal.tests.test_tf.TestTFTransforms" name="test_tt" time="0.001"></testcase><testcase classname="sknrf.device.signal.tests.test_tf.TestTFZeros" name="test_non_zero" time="0.001"></testcase><testcase classname="sknrf.device.signal.tests.test_tt.TestTTTransforms" name="test_ff" time="0.001"></testcase><testcase classname="sknrf.device.signal.tests.test_tt.TestTTTransforms" name="test_ft" time="0.001"></testcase><testcase classname="sknrf.device.signal.tests.test_tt.TestTTTransforms" name="test_plot" time="0.000"></testcase><testcase classname="sknrf.device.signal.tests.test_tt.TestTTTransforms" name="test_tf" time="0.000"></testcase><testcase classname="sknrf.device.signal.tests.test_tt.TestTTTransforms" name="test_tt" time="0.000"></testcase><testcase classname="sknrf.device.signal.tests.test_tt.TestTTTransforms" name="test_tt_o_ff" time="0.001"></testcase><testcase classname="sknrf.device.signal.tests.test_tt.TestTTTransforms" name="test_tt_o_ff_bound_out" time="0.001"></testcase><testcase classname="sknrf.device.signal.tests.test_tt.TestTTTransforms" name="test_tt_o_ft" time="0.001"></testcase><testcase classname="sknrf.device.signal.tests.test_tt.TestTTTransforms" name="test_tt_o_ft_bound_out" time="0.001"></testcase><testcase classname="sknrf.device.signal.tests.test_tt.TestTTTransforms" name="test_tt_o_tf" time="0.001"></testcase><testcase classname="sknrf.device.signal.tests.test_tt.TestTTTransforms" name="test_tt_o_tf_bound_out" time="0.001"></testcase><testcase classname="sknrf.device.test_settings.TestSettingSaveLoad" name="test_load" time="0.002"></testcase><testcase classname="sknrf.device.test_settings.TestSettingSaveLoad" name="test_save" time="0.000"></testcase><testcase classname="sknrf.device.test_settings.TestSettings" name="test_read_aux_settings" time="0.009"></testcase><testcase classname="sknrf.device.test_settings.TestSettings" name="test_read_database_settings" time="0.008"></testcase><testcase classname="sknrf.device.test_settings.TestSettings" name="test_read_display_settings" time="0.008"></testcase><testcase classname="sknrf.device.test_settings.TestSettings" name="test_read_dsp_settings" time="0.008"></testcase><testcase classname="sknrf.device.test_settings.TestSettings" name="test_read_general_settings" time="0.008"></testcase><testcase classname="sknrf.device.test_settings.TestSettings" name="test_read_iteration_settings" time="0.008"></testcase><testcase classname="sknrf.device.test_settings.TestSettings" name="test_read_rf_settings" time="0.008"></testcase><testcase classname="sknrf.device.test_settings.TestSettings" name="test_read_simulation_on_off_order" time="0.008"></testcase><testcase classname="sknrf.device.test_settings.TestSettings" name="test_read_simulation_settings" time="0.008"></testcase><testcase classname="sknrf.device.test_settings.TestSettings" name="test_read_video_settings" time="0.008"></testcase><testcase classname="sknrf.device.test_settings.TestSettings" name="test_write_aux_settings" time="0.008"></testcase><testcase classname="sknrf.device.test_settings.TestSettings" name="test_write_database_settings" time="0.008"></testcase><testcase classname="sknrf.device.test_settings.TestSettings" name="test_write_display_settings" time="0.008"></testcase><testcase classname="sknrf.device.test_settings.TestSettings" name="test_write_dsp_settings" time="0.008"></testcase><testcase classname="sknrf.device.test_settings.TestSettings" name="test_write_general_settings" time="0.008"></testcase><testcase classname="sknrf.device.test_settings.TestSettings" name="test_write_iteration_settings" time="0.008"></testcase><testcase classname="sknrf.device.test_settings.TestSettings" name="test_write_rf_settings" time="0.008"></testcase><testcase classname="sknrf.device.test_settings.TestSettings" name="test_write_simulation_on_off_order" time="0.008"></testcase><testcase classname="sknrf.device.test_settings.TestSettings" name="test_write_simulation_settings" time="0.008"></testcase><testcase classname="sknrf.device.test_settings.TestSettings" name="test_write_video_settings" time="0.008"></testcase><testcase classname="sknrf.model.sequencer.sweep.tests.test_complex.TestComplexSweep" name="test_01_save" time="0.001"></testcase><testcase classname="sknrf.model.sequencer.sweep.tests.test_complex.TestComplexSweep" name="test_02_save_load" time="0.001"></testcase><testcase classname="sknrf.model.sequencer.sweep.tests.test_complex.TestComplexSweep" name="test_03_save_load_same_values" time="0.001"></testcase><testcase classname="sknrf.model.sequencer.sweep.tests.test_complex.TestComplexSweep" name="test_04_values" time="0.001"></testcase><testcase classname="sknrf.model.sequencer.sweep.tests.test_complex.TestPolarRandomSweep" name="test_01_save" time="0.001"></testcase><testcase classname="sknrf.model.sequencer.sweep.tests.test_complex.TestPolarRandomSweep" name="test_02_save_load" time="0.001"></testcase><testcase classname="sknrf.model.sequencer.sweep.tests.test_complex.TestPolarRandomSweep" name="test_03_save_load_same_values" time="0.001"></testcase><testcase classname="sknrf.model.sequencer.sweep.tests.test_complex.TestPolarRandomSweep" name="test_04_values" time="0.001"></testcase><testcase classname="sknrf.model.sequencer.sweep.tests.test_complex.TestPolarRandomSweep" name="test_05_set_properties" time="0.001"></testcase><testcase classname="sknrf.model.sequencer.sweep.tests.test_complex.TestPolarSweepPoints" name="test_01_save" time="0.001"></testcase><testcase classname="sknrf.model.sequencer.sweep.tests.test_complex.TestPolarSweepPoints" name="test_02_save_load" time="0.001"></testcase><testcase classname="sknrf.model.sequencer.sweep.tests.test_complex.TestPolarSweepPoints" name="test_03_save_load_same_values" time="0.001"></testcase><testcase classname="sknrf.model.sequencer.sweep.tests.test_complex.TestPolarSweepPoints" name="test_04_values" time="0.001"></testcase><testcase classname="sknrf.model.sequencer.sweep.tests.test_complex.TestPolarSweepStep" name="test_01_save" time="0.001"></testcase><testcase classname="sknrf.model.sequencer.sweep.tests.test_complex.TestPolarSweepStep" name="test_02_save_load" time="0.001"></testcase><testcase classname="sknrf.model.sequencer.sweep.tests.test_complex.TestPolarSweepStep" name="test_03_save_load_same_values" time="0.001"></testcase><testcase classname="sknrf.model.sequencer.sweep.tests.test_complex.TestPolarSweepStep" name="test_04_values" time="0.001"></testcase><testcase classname="sknrf.model.sequencer.sweep.tests.test_complex.TestPolarUniformNoVertices" name="test_01_save" time="0.001"></testcase><testcase classname="sknrf.model.sequencer.sweep.tests.test_complex.TestPolarUniformNoVertices" name="test_02_save_load" time="0.001"></testcase><testcase classname="sknrf.model.sequencer.sweep.tests.test_complex.TestPolarUniformNoVertices" name="test_03_save_load_same_values" time="0.001"></testcase><testcase classname="sknrf.model.sequencer.sweep.tests.test_complex.TestPolarUniformNoVertices" name="test_04_values" time="0.000"></testcase><testcase classname="sknrf.model.sequencer.sweep.tests.test_complex.TestPolarUniformSweep" name="test_01_save" time="0.001"></testcase><testcase classname="sknrf.model.sequencer.sweep.tests.test_complex.TestPolarUniformSweep" name="test_02_save_load" time="0.001"></testcase><testcase classname="sknrf.model.sequencer.sweep.tests.test_complex.TestPolarUniformSweep" name="test_03_save_load_same_values" time="0.001"></testcase><testcase classname="sknrf.model.sequencer.sweep.tests.test_complex.TestPolarUniformSweep" name="test_04_values" time="0.001"></testcase><testcase classname="sknrf.model.sequencer.sweep.tests.test_complex.TestRectangularRandomSweep" name="test_01_save" time="0.001"></testcase><testcase classname="sknrf.model.sequencer.sweep.tests.test_complex.TestRectangularRandomSweep" name="test_02_save_load" time="0.001"></testcase><testcase classname="sknrf.model.sequencer.sweep.tests.test_complex.TestRectangularRandomSweep" name="test_03_save_load_same_values" time="0.001"></testcase><testcase classname="sknrf.model.sequencer.sweep.tests.test_complex.TestRectangularRandomSweep" name="test_04_values" time="0.001"></testcase><testcase classname="sknrf.model.sequencer.sweep.tests.test_complex.TestRectangularRandomSweep" name="test_05_set_properties" time="0.001"></testcase><testcase classname="sknrf.model.sequencer.sweep.tests.test_complex.TestRectangularSweepPoints" name="test_01_save" time="0.001"></testcase><testcase classname="sknrf.model.sequencer.sweep.tests.test_complex.TestRectangularSweepPoints" name="test_02_save_load" time="0.001"></testcase><testcase classname="sknrf.model.sequencer.sweep.tests.test_complex.TestRectangularSweepPoints" name="test_03_save_load_same_values" time="0.001"></testcase><testcase classname="sknrf.model.sequencer.sweep.tests.test_complex.TestRectangularSweepPoints" name="test_04_values" time="0.001"></testcase><testcase classname="sknrf.model.sequencer.sweep.tests.test_complex.TestRectangularSweepStep" name="test_01_save" time="0.001"></testcase><testcase classname="sknrf.model.sequencer.sweep.tests.test_complex.TestRectangularSweepStep" name="test_02_save_load" time="0.001"></testcase><testcase classname="sknrf.model.sequencer.sweep.tests.test_complex.TestRectangularSweepStep" name="test_03_save_load_same_values" time="0.001"></testcase><testcase classname="sknrf.model.sequencer.sweep.tests.test_complex.TestRectangularSweepStep" name="test_04_values" time="0.000"></testcase><testcase classname="sknrf.model.sequencer.sweep.tests.test_complex.TestRectangularUniformSweep" name="test_01_save" time="0.001"></testcase><testcase classname="sknrf.model.sequencer.sweep.tests.test_complex.TestRectangularUniformSweep" name="test_02_save_load" time="0.001"></testcase><testcase classname="sknrf.model.sequencer.sweep.tests.test_complex.TestRectangularUniformSweep" name="test_03_save_load_same_values" time="0.001"></testcase><testcase classname="sknrf.model.sequencer.sweep.tests.test_complex.TestRectangularUniformSweep" name="test_04_values" time="0.001"></testcase><testcase classname="sknrf.model.sequencer.sweep.tests.test_complex.TestRectangularUniformSweepNoVertices" name="test_01_save" time="0.001"></testcase><testcase classname="sknrf.model.sequencer.sweep.tests.test_complex.TestRectangularUniformSweepNoVertices" name="test_02_save_load" time="0.001"></testcase><testcase classname="sknrf.model.sequencer.sweep.tests.test_complex.TestRectangularUniformSweepNoVertices" name="test_03_save_load_same_values" time="0.001"></testcase><testcase classname="sknrf.model.sequencer.sweep.tests.test_complex.TestRectangularUniformSweepNoVertices" name="test_04_values" time="0.000"></testcase><testcase classname="sknrf.model.sequencer.sweep.tests.test_complex.TestRectangularUniformSweepSwapped" name="test_01_save" time="0.001"></testcase><testcase classname="sknrf.model.sequencer.sweep.tests.test_complex.TestRectangularUniformSweepSwapped" name="test_02_save_load" time="0.001"></testcase><testcase classname="sknrf.model.sequencer.sweep.tests.test_complex.TestRectangularUniformSweepSwapped" name="test_03_save_load_same_values" time="0.001"></testcase><testcase classname="sknrf.model.sequencer.sweep.tests.test_complex.TestRectangularUniformSweepSwapped" name="test_04_values" time="0.000"></testcase><testcase classname="sknrf.model.sequencer.sweep.tests.test_complex" name="sweep_test_suite" time="0.001"></testcase><testcase classname="sknrf.model.sequencer.sweep.tests.test_frequency.TestFrequencySweep" name="test_01_save" time="0.001"></testcase><testcase classname="sknrf.model.sequencer.sweep.tests.test_frequency.TestFrequencySweep" name="test_02_save_load" time="0.001"></testcase><testcase classname="sknrf.model.sequencer.sweep.tests.test_frequency.TestFrequencySweep" name="test_03_save_load_same_values" time="0.001"></testcase><testcase classname="sknrf.model.sequencer.sweep.tests.test_frequency.TestFrequencySweep" name="test_04_values" time="0.001"></testcase><testcase classname="sknrf.model.sequencer.sweep.tests.test_frequency.TestFundDSBSpanSweep" name="test_01_save" time="0.001"></testcase><testcase classname="sknrf.model.sequencer.sweep.tests.test_frequency.TestFundDSBSpanSweep" name="test_02_save_load" time="0.001"></testcase><testcase classname="sknrf.model.sequencer.sweep.tests.test_frequency.TestFundDSBSpanSweep" name="test_03_save_load_same_values" time="0.001"></testcase><testcase classname="sknrf.model.sequencer.sweep.tests.test_frequency.TestFundDSBSpanSweep" name="test_04_values" time="0.001"></testcase><testcase classname="sknrf.model.sequencer.sweep.tests.test_frequency.TestFundLOSpanSweep" name="test_01_save" time="0.001"></testcase><testcase classname="sknrf.model.sequencer.sweep.tests.test_frequency.TestFundLOSpanSweep" name="test_02_save_load" time="0.001"></testcase><testcase classname="sknrf.model.sequencer.sweep.tests.test_frequency.TestFundLOSpanSweep" name="test_03_save_load_same_values" time="0.001"></testcase><testcase classname="sknrf.model.sequencer.sweep.tests.test_frequency.TestFundLOSpanSweep" name="test_04_values" time="0.001"></testcase><testcase classname="sknrf.model.sequencer.sweep.tests.test_frequency.TestFundPhasorSpanSweep" name="test_01_save" time="0.001"></testcase><testcase classname="sknrf.model.sequencer.sweep.tests.test_frequency.TestFundPhasorSpanSweep" name="test_02_save_load" time="0.001"></testcase><testcase classname="sknrf.model.sequencer.sweep.tests.test_frequency.TestFundPhasorSpanSweep" name="test_03_save_load_same_values" time="0.001"></testcase><testcase classname="sknrf.model.sequencer.sweep.tests.test_frequency.TestFundPhasorSpanSweep" name="test_04_values" time="0.001"></testcase><testcase classname="sknrf.model.sequencer.sweep.tests.test_frequency.TestFundSSBSpanSweep" name="test_01_save" time="0.001"></testcase><testcase classname="sknrf.model.sequencer.sweep.tests.test_frequency.TestFundSSBSpanSweep" name="test_02_save_load" time="0.001"></testcase><testcase classname="sknrf.model.sequencer.sweep.tests.test_frequency.TestFundSSBSpanSweep" name="test_03_save_load_same_values" time="0.001"></testcase><testcase classname="sknrf.model.sequencer.sweep.tests.test_frequency.TestFundSSBSpanSweep" name="test_04_values" time="0.001"></testcase><testcase classname="sknrf.model.sequencer.sweep.tests.test_frequency" name="sweep_test_suite" time="0.001"></testcase><testcase classname="sknrf.model.sequencer.sweep.tests.test_real.TestLinearSweepPoints" name="test_01_save" time="0.001"></testcase><testcase classname="sknrf.model.sequencer.sweep.tests.test_real.TestLinearSweepPoints" name="test_02_save_load" time="0.001"></testcase><testcase classname="sknrf.model.sequencer.sweep.tests.test_real.TestLinearSweepPoints" name="test_03_save_load_same_values" time="0.001"></testcase><testcase classname="sknrf.model.sequencer.sweep.tests.test_real.TestLinearSweepPoints" name="test_04_values" time="0.000"></testcase><testcase classname="sknrf.model.sequencer.sweep.tests.test_real.TestLinearSweepStep" name="test_01_save" time="0.001"></testcase><testcase classname="sknrf.model.sequencer.sweep.tests.test_real.TestLinearSweepStep" name="test_02_save_load" time="0.001"></testcase><testcase classname="sknrf.model.sequencer.sweep.tests.test_real.TestLinearSweepStep" name="test_03_save_load_same_values" time="0.001"></testcase><testcase classname="sknrf.model.sequencer.sweep.tests.test_real.TestLinearSweepStep" name="test_04_values" time="0.000"></testcase><testcase classname="sknrf.model.sequencer.sweep.tests.test_real.TestLogSweep" name="test_01_save" time="0.001"></testcase><testcase classname="sknrf.model.sequencer.sweep.tests.test_real.TestLogSweep" name="test_02_save_load" time="0.001"></testcase><testcase classname="sknrf.model.sequencer.sweep.tests.test_real.TestLogSweep" name="test_03_save_load_same_values" time="0.001"></testcase><testcase classname="sknrf.model.sequencer.sweep.tests.test_real.TestLogSweep" name="test_04_values" time="0.000"></testcase><testcase classname="sknrf.model.sequencer.sweep.tests.test_real.TestPowSweep" name="test_01_save" time="0.001"></testcase><testcase classname="sknrf.model.sequencer.sweep.tests.test_real.TestPowSweep" name="test_02_save_load" time="0.001"></testcase><testcase classname="sknrf.model.sequencer.sweep.tests.test_real.TestPowSweep" name="test_03_save_load_same_values" time="0.001"></testcase><testcase classname="sknrf.model.sequencer.sweep.tests.test_real.TestPowSweep" name="test_04_values" time="0.000"></testcase><testcase classname="sknrf.model.sequencer.sweep.tests.test_real.TestRealSweep" name="test_01_save" time="0.001"></testcase><testcase classname="sknrf.model.sequencer.sweep.tests.test_real.TestRealSweep" name="test_02_save_load" time="0.001"></testcase><testcase classname="sknrf.model.sequencer.sweep.tests.test_real.TestRealSweep" name="test_03_save_load_same_values" time="0.001"></testcase><testcase classname="sknrf.model.sequencer.sweep.tests.test_real.TestRealSweep" name="test_04_values" time="0.000"></testcase><testcase classname="sknrf.model.sequencer.sweep.tests.test_real.TestSpanSweepPoints" name="test_01_save" time="0.001"></testcase><testcase classname="sknrf.model.sequencer.sweep.tests.test_real.TestSpanSweepPoints" name="test_02_save_load" time="0.001"></testcase><testcase classname="sknrf.model.sequencer.sweep.tests.test_real.TestSpanSweepPoints" name="test_03_save_load_same_values" time="0.001"></testcase><testcase classname="sknrf.model.sequencer.sweep.tests.test_real.TestSpanSweepPoints" name="test_04_values" time="0.000"></testcase><testcase classname="sknrf.model.sequencer.sweep.tests.test_real.TestSpanSweepStep" name="test_01_save" time="0.001"></testcase><testcase classname="sknrf.model.sequencer.sweep.tests.test_real.TestSpanSweepStep" name="test_02_save_load" time="0.001"></testcase><testcase classname="sknrf.model.sequencer.sweep.tests.test_real.TestSpanSweepStep" name="test_03_save_load_same_values" time="0.001"></testcase><testcase classname="sknrf.model.sequencer.sweep.tests.test_real.TestSpanSweepStep" name="test_04_values" time="0.000"></testcase><testcase classname="sknrf.model.sequencer.sweep.tests.test_real.TestSubsetSweepFreq" name="test_01_save" time="0.001"></testcase><testcase classname="sknrf.model.sequencer.sweep.tests.test_real.TestSubsetSweepFreq" name="test_02_save_load" time="0.001"></testcase><testcase classname="sknrf.model.sequencer.sweep.tests.test_real.TestSubsetSweepFreq" name="test_03_save_load_same_values" time="0.001"></testcase><testcase classname="sknrf.model.sequencer.sweep.tests.test_real.TestSubsetSweepFreq" name="test_04_values" time="0.001"></testcase><testcase classname="sknrf.model.sequencer.sweep.tests.test_real.TestSubsetSweepPoints" name="test_01_save" time="0.001"></testcase><testcase classname="sknrf.model.sequencer.sweep.tests.test_real.TestSubsetSweepPoints" name="test_02_save_load" time="0.001"></testcase><testcase classname="sknrf.model.sequencer.sweep.tests.test_real.TestSubsetSweepPoints" name="test_03_save_load_same_values" time="0.001"></testcase><testcase classname="sknrf.model.sequencer.sweep.tests.test_real.TestSubsetSweepPoints" name="test_04_values" time="0.001"></testcase><testcase classname="sknrf.model.sequencer.sweep.tests.test_real.TestSubsetSweepStep" name="test_01_save" time="0.001"></testcase><testcase classname="sknrf.model.sequencer.sweep.tests.test_real.TestSubsetSweepStep" name="test_02_save_load" time="0.001"></testcase><testcase classname="sknrf.model.sequencer.sweep.tests.test_real.TestSubsetSweepStep" name="test_03_save_load_same_values" time="0.001"></testcase><testcase classname="sknrf.model.sequencer.sweep.tests.test_real.TestSubsetSweepStep" name="test_04_values" time="0.001"></testcase><testcase classname="sknrf.model.sequencer.sweep.tests.test_real" name="sweep_test_suite" time="0.001"></testcase><testcase classname="sknrf.model.sequencer.tests.test_measure.TestMeasureSaveLoad" name="test_load" time="0.035"></testcase><testcase classname="sknrf.model.sequencer.tests.test_measure.TestMeasureSaveLoad" name="test_save" time="0.006"></testcase><testcase classname="sknrf.model.sequencer.tests.test_measure.TestSingle" name="test_single" time="0.058"></testcase><testcase classname="sknrf.model.sequencer.tests.test_measure.TestSingle" name="test_sparameter" time="0.073"></testcase><testcase classname="sknrf.model.sequencer.tests.test_measure.TestSweep" name="test_sweep_1" time="0.096"></testcase><testcase classname="sknrf.model.sequencer.tests.test_measure.TestSweep" name="test_sweep_1_realtime" time="0.060"></testcase><testcase classname="sknrf.model.sequencer.tests.test_measure.TestSweep" name="test_sweep_2" time="0.559"></testcase><testcase classname="sknrf.model.sequencer.tests.test_measure.TestSweep" name="test_sweep_2_mixed" time="0.140"></testcase><testcase classname="sknrf.model.sequencer.tests.test_measure.TestSweep" name="test_sweep_2_realtime" time="0.065"></testcase><testcase classname="sknrf.model.sequencer.tests.test_measure.TestSweepMisc" name="test_sweep_tau" time="0.135"></testcase><testcase classname="sknrf.model.sequencer.tests.test_measure.TestSweepSParameter" name="test_sweep_fund_dsb" time="0.548"></testcase><testcase classname="sknrf.model.sequencer.tests.test_measure.TestSweepSParameter" name="test_sweep_fund_dsb_all" time="0.543"></testcase><testcase classname="sknrf.model.sequencer.tests.test_measure.TestSweepSParameter" name="test_sweep_fund_dsb_filter" time="0.543"></testcase><testcase classname="sknrf.model.sequencer.tests.test_measure.TestSweepSParameter" name="test_sweep_fund_dsb_ss_harm" time="0.605"></testcase><testcase classname="sknrf.model.sequencer.tests.test_measure.TestSweepSParameter" name="test_sweep_fund_dsb_ss_realtime" time="0.085"></testcase><testcase classname="sknrf.model.sequencer.tests.test_measure.TestSweepSParameter" name="test_sweep_fund_dsb_ss_ref" time="0.554"></testcase><testcase classname="sknrf.model.sequencer.tests.test_measure.TestSweepSParameter" name="test_sweep_fund_lo" time="0.550"></testcase><testcase classname="sknrf.model.sequencer.tests.test_measure.TestSweepSParameter" name="test_sweep_fund_phasor" time="0.556"></testcase><testcase classname="sknrf.model.sequencer.tests.test_measure.TestSweepSParameter" name="test_sweep_fund_phasor_all" time="0.558"></testcase><testcase classname="sknrf.model.sequencer.tests.test_measure.TestSweepSParameter" name="test_sweep_fund_phasor_filter" time="0.542"></testcase><testcase classname="sknrf.model.sequencer.tests.test_measure.TestSweepSParameter" name="test_sweep_fund_ssb" time="0.543"></testcase><testcase classname="sknrf.model.sequencer.tests.test_measure.TestSweepSParameter" name="test_sweep_fund_ssb_all" time="0.543"></testcase><testcase classname="sknrf.model.sequencer.tests.test_measure.TestSweepSParameter" name="test_sweep_fund_ssb_filter" time="0.555"></testcase><testcase classname="sknrf.model.sequencer.tests.test_measure" name="iterator_test_suite" time="0.001"></testcase><testcase classname="sknrf.model.sequencer.tests.test_shape.TestGrid" name="test_add_face_array" time="0.001"></testcase><testcase classname="sknrf.model.sequencer.tests.test_shape.TestGrid" name="test_vertex_midpoint" time="0.001"></testcase><testcase classname="sknrf.model.sequencer.tests.test_shape.TestHexagon" name="test_corners" time="0.000"></testcase><testcase classname="sknrf.model.sequencer.tests.test_shape.TestHexagon" name="test_endpoints" time="0.000"></testcase><testcase classname="sknrf.model.sequencer.tests.test_shape.TestHexagon" name="test_faces" time="0.000"></testcase><testcase classname="sknrf.model.sequencer.tests.test_shape.TestHexagon" name="test_slope" time="0.000"></testcase><testcase classname="sknrf.model.sequencer.tests.test_shape.TestHexagon" name="test_world_to_vertex_o_vertex_to_world" time="0.001"></testcase><testcase classname="sknrf.model.sequencer.tests.test_shape.TestRhombus" name="test_corners" time="0.000"></testcase><testcase classname="sknrf.model.sequencer.tests.test_shape.TestRhombus" name="test_endpoints" time="0.000"></testcase><testcase classname="sknrf.model.sequencer.tests.test_shape.TestRhombus" name="test_faces" time="0.000"></testcase><testcase classname="sknrf.model.sequencer.tests.test_shape.TestRhombus" name="test_slope" time="0.000"></testcase><testcase classname="sknrf.model.sequencer.tests.test_shape.TestRhombus" name="test_world_to_vertex_o_vertex_to_world" time="0.000"></testcase><testcase classname="sknrf.model.sequencer.tests.test_shape.TestShape" name="test_corners" time="0.000"></testcase><testcase classname="sknrf.model.sequencer.tests.test_shape.TestShape" name="test_endpoints" time="0.000"></testcase><testcase classname="sknrf.model.sequencer.tests.test_shape.TestShape" name="test_faces" time="0.000"></testcase><testcase classname="sknrf.model.sequencer.tests.test_shape.TestShape" name="test_slope" time="0.000"></testcase><testcase classname="sknrf.model.sequencer.tests.test_shape.TestShape" name="test_world_to_vertex_o_vertex_to_world" time="0.000"></testcase><testcase classname="sknrf.model.sequencer.tests.test_shape.TestSquare" name="test_corners" time="0.000"></testcase><testcase classname="sknrf.model.sequencer.tests.test_shape.TestSquare" name="test_endpoints" time="0.000"></testcase><testcase classname="sknrf.model.sequencer.tests.test_shape.TestSquare" name="test_faces" time="0.000"></testcase><testcase classname="sknrf.model.sequencer.tests.test_shape.TestSquare" name="test_slope" time="0.000"></testcase><testcase classname="sknrf.model.sequencer.tests.test_shape.TestSquare" name="test_world_to_vertex_o_vertex_to_world" time="0.000"></testcase><testcase classname="sknrf.model.sequencer.tests.test_shape.TestTriangle" name="test_corners" time="0.000"></testcase><testcase classname="sknrf.model.sequencer.tests.test_shape.TestTriangle" name="test_endpoints" time="0.000"></testcase><testcase classname="sknrf.model.sequencer.tests.test_shape.TestTriangle" name="test_faces" time="0.000"></testcase><testcase classname="sknrf.model.sequencer.tests.test_shape.TestTriangle" name="test_slope" time="0.000"></testcase><testcase classname="sknrf.model.sequencer.tests.test_shape.TestTriangle" name="test_world_to_vertex_o_vertex_to_world" time="0.000"></testcase><testcase classname="sknrf.model.sequencer.tests.test_shape" name="iterator_test_suite" time="0.001"></testcase><testcase classname="sknrf.model.tests.test_device.TestDeviceConnections" name="test_aux_pm" time="0.040"></testcase><testcase classname="sknrf.model.tests.test_device.TestDeviceConnections" name="test_aux_sa" time="0.038"></testcase><testcase classname="sknrf.model.tests.test_device.TestDeviceConnections" name="test_aux_vna" time="0.038"></testcase><testcase classname="sknrf.model.tests.test_device.TestDeviceConnections" name="test_dut" time="0.044"></testcase><testcase classname="sknrf.model.tests.test_device.TestDeviceConnections" name="test_dut_mipi_client" time="0.038"></testcase><testcase classname="sknrf.model.tests.test_device.TestDeviceConnections" name="test_dut_mipi_server" time="0.038"></testcase><testcase classname="sknrf.model.tests.test_device.TestDeviceConnections" name="test_dut_video" time="0.038"></testcase><testcase classname="sknrf.model.tests.test_device.TestDeviceConnections" name="test_lfreceiver" time="0.039"></testcase><testcase classname="sknrf.model.tests.test_device.TestDeviceConnections" name="test_lfreceiver_from_lfsource" time="0.039"></testcase><testcase classname="sknrf.model.tests.test_device.TestDeviceConnections" name="test_lfreceiver_modulated" time="0.038"></testcase><testcase classname="sknrf.model.tests.test_device.TestDeviceConnections" name="test_lfreceiver_pulsed" time="0.039"></testcase><testcase classname="sknrf.model.tests.test_device.TestDeviceConnections" name="test_lfsource" time="0.043"></testcase><testcase classname="sknrf.model.tests.test_device.TestDeviceConnections" name="test_lfsource_modulated" time="0.048"></testcase><testcase classname="sknrf.model.tests.test_device.TestDeviceConnections" name="test_lfsource_pulsed" time="0.051"></testcase><testcase classname="sknrf.model.tests.test_device.TestDeviceConnections" name="test_lfztuner" time="0.039"></testcase><testcase classname="sknrf.model.tests.test_device.TestDeviceConnections" name="test_lfztuner_modulated" time="0.044"></testcase><testcase classname="sknrf.model.tests.test_device.TestDeviceConnections" name="test_lfztuner_pulsed" time="0.039"></testcase><testcase classname="sknrf.model.tests.test_device.TestDeviceConnections" name="test_rfreceiver" time="0.039"></testcase><testcase classname="sknrf.model.tests.test_device.TestDeviceConnections" name="test_rfreceiver_from_rfsource" time="0.038"></testcase><testcase classname="sknrf.model.tests.test_device.TestDeviceConnections" name="test_rfreceiver_modulated" time="0.039"></testcase><testcase classname="sknrf.model.tests.test_device.TestDeviceConnections" name="test_rfreceiver_pulsed" time="0.039"></testcase><testcase classname="sknrf.model.tests.test_device.TestDeviceConnections" name="test_rfsource" time="0.043"></testcase><testcase classname="sknrf.model.tests.test_device.TestDeviceConnections" name="test_rfsource_modulated" time="0.056"></testcase><testcase classname="sknrf.model.tests.test_device.TestDeviceConnections" name="test_rfsource_pulsed" time="0.051"></testcase><testcase classname="sknrf.model.tests.test_device.TestDeviceConnections" name="test_rfztuner" time="0.039"></testcase><testcase classname="sknrf.model.tests.test_device.TestDeviceConnections" name="test_rfztuner_modulated" time="0.044"></testcase><testcase classname="sknrf.model.tests.test_device.TestDeviceConnections" name="test_rfztuner_pulsed" time="0.039"></testcase><testcase classname="sknrf.model.tests.test_device.TestDeviceSaveLoad" name="test_load" time="0.033"></testcase><testcase classname="sknrf.model.tests.test_device.TestDeviceSaveLoad" name="test_load_modulated" time="0.109"></testcase><testcase classname="sknrf.model.tests.test_device.TestDeviceSaveLoad" name="test_load_modulated_from_source" time="0.108"></testcase><testcase classname="sknrf.model.tests.test_device.TestDeviceSaveLoad" name="test_load_pulsed" time="0.055"></testcase><testcase classname="sknrf.model.tests.test_device.TestDeviceSaveLoad" name="test_save" time="0.005"></testcase><testcase classname="sknrf.model.tests.test_device.TestDeviceSaveLoad" name="test_save_modulated" time="0.124"></testcase><testcase classname="sknrf.model.tests.test_device.TestDeviceSaveLoad" name="test_save_modulated_from_source" time="0.053"></testcase><testcase classname="sknrf.model.tests.test_device.TestDeviceSaveLoad" name="test_save_pulsed" time="0.027"></testcase><testcase classname="sknrf.utilities.tests.test_numeric.TestNumericSimple" name="test_num2str" time="0.001"></testcase><testcase classname="sknrf.utilities.tests.test_numeric.TestNumericSimple" name="test_num2str_lin_deg" time="0.000"></testcase><testcase classname="sknrf.utilities.tests.test_numeric.TestNumericSimple" name="test_num2str_log_deg" time="0.000"></testcase><testcase classname="sknrf.utilities.tests.test_numeric.TestNumericSimple" name="test_num2str_re" time="0.000"></testcase><testcase classname="sknrf.utilities.tests.test_numeric.TestNumericSimple" name="test_num2str_re_im" time="0.000"></testcase><testcase classname="sknrf.utilities.tests.test_numeric.TestNumericSimple" name="test_str2num" time="0.001"></testcase><testcase classname="sknrf.utilities.tests.test_numeric.TestNumericSimple" name="test_str2num_lin_deg_ignore_units" time="0.001"></testcase><testcase classname="sknrf.utilities.tests.test_numeric.TestNumericSimple" name="test_str2num_lin_deg_magnitude_only" time="0.000"></testcase><testcase classname="sknrf.utilities.tests.test_numeric.TestNumericSimple" name="test_str2num_lin_deg_negative_magnitude" time="0.000"></testcase><testcase classname="sknrf.utilities.tests.test_numeric.TestNumericSimple" name="test_str2num_lin_deg_phase_only_fail" time="0.000"></testcase><testcase classname="sknrf.utilities.tests.test_numeric.TestNumericSimple" name="test_str2num_lin_deg_with_spaces" time="0.000"></testcase><testcase classname="sknrf.utilities.tests.test_numeric.TestNumericSimple" name="test_str2num_lin_deg_without_negative_values" time="0.000"></testcase><testcase classname="sknrf.utilities.tests.test_numeric.TestNumericSimple" name="test_str2num_lin_deg_without_spaces" time="0.000"></testcase><testcase classname="sknrf.utilities.tests.test_numeric.TestNumericSimple" name="test_str2num_log_deg_ignore_units" time="0.000"></testcase><testcase classname="sknrf.utilities.tests.test_numeric.TestNumericSimple" name="test_str2num_log_deg_magnitude_only" time="0.000"></testcase><testcase classname="sknrf.utilities.tests.test_numeric.TestNumericSimple" name="test_str2num_log_deg_with_spaces" time="0.000"></testcase><testcase classname="sknrf.utilities.tests.test_numeric.TestNumericSimple" name="test_str2num_log_deg_without_negative_values" time="0.000"></testcase><testcase classname="sknrf.utilities.tests.test_numeric.TestNumericSimple" name="test_str2num_log_deg_without_spaces" time="0.000"></testcase><testcase classname="sknrf.utilities.tests.test_numeric.TestNumericSimple" name="test_str2num_re" time="0.001"></testcase><testcase classname="sknrf.utilities.tests.test_numeric.TestNumericSimple" name="test_str2num_re_im_ignore_units" time="0.000"></testcase><testcase classname="sknrf.utilities.tests.test_numeric.TestNumericSimple" name="test_str2num_re_im_imag_only" time="0.000"><system-err><![CDATA[/home/dylan/miniforge3/envs/env/lib/python3.7/unittest/case.py:573: RuntimeWarning: TestResult has no addExpectedFailure method, reporting as passes
  RuntimeWarning)
]]></system-err></testcase><testcase classname="sknrf.utilities.tests.test_numeric.TestNumericSimple" name="test_str2num_re_im_missing_j_fail" time="0.000"></testcase><testcase classname="sknrf.utilities.tests.test_numeric.TestNumericSimple" name="test_str2num_re_im_real_only" time="0.000"></testcase><testcase classname="sknrf.utilities.tests.test_numeric.TestNumericSimple" name="test_str2num_re_im_with_negative_values" time="0.000"></testcase><testcase classname="sknrf.utilities.tests.test_numeric.TestNumericSimple" name="test_str2num_re_im_with_spaces" time="0.000"></testcase><testcase classname="sknrf.utilities.tests.test_numeric.TestNumericSimple" name="test_str2num_re_im_without_spaces" time="0.000"></testcase><testcase classname="sknrf.utilities.tests.test_rf.Test2PortConversions" name="test_a2s_o_s2a" time="0.001"></testcase><testcase classname="sknrf.utilities.tests.test_rf.Test2PortConversions" name="test_a2t" time="0.001"></testcase><testcase classname="sknrf.utilities.tests.test_rf.Test2PortConversions" name="test_a2t_o_t2a" time="0.001"></testcase><testcase classname="sknrf.utilities.tests.test_rf.Test2PortConversions" name="test_det_minor" time="0.001"></testcase><testcase classname="sknrf.utilities.tests.test_rf.Test2PortConversions" name="test_gin2gl_o_gl2gin" time="0.000"></testcase><testcase classname="sknrf.utilities.tests.test_rf.Test2PortConversions" name="test_gl2gin_o_gin2gl" time="0.000"></testcase><testcase classname="sknrf.utilities.tests.test_rf.Test2PortConversions" name="test_s2a_o_a2s" time="0.001"></testcase><testcase classname="sknrf.utilities.tests.test_rf.Test2PortConversions" name="test_s2sp_o_sp2s" time="0.001"></testcase><testcase classname="sknrf.utilities.tests.test_rf.Test2PortConversions" name="test_s2y_o_y2s" time="0.001"></testcase><testcase classname="sknrf.utilities.tests.test_rf.Test2PortConversions" name="test_sp2s_o_s2sp" time="0.001"></testcase><testcase classname="sknrf.utilities.tests.test_rf.Test2PortConversions" name="test_t2a" time="0.000"></testcase><testcase classname="sknrf.utilities.tests.test_rf.Test2PortConversions" name="test_t2a_o_a2t" time="0.001"></testcase><testcase classname="sknrf.utilities.tests.test_rf.Test2PortConversions" name="test_t2tp_o_tp2t" time="0.001"></testcase><testcase classname="sknrf.utilities.tests.test_rf.Test2PortConversions" name="test_tp2t_o_t2tp" time="0.001"></testcase><testcase classname="sknrf.utilities.tests.test_rf.Test2PortConversions" name="test_y2s_o_s2y" time="0.001"></testcase><testcase classname="sknrf.utilities.tests.test_rf.Test2PortConversions" name="test_z2zp_o_zp2z" time="0.000"></testcase><testcase classname="sknrf.utilities.tests.test_rf.Test2PortConversions" name="test_zp2z_o_z2zp" time="0.000"></testcase><testcase classname="sknrf.utilities.tests.test_rf.Test4PortConversions" name="test_a4t" time="0.001"></testcase><testcase classname="sknrf.utilities.tests.test_rf.Test4PortConversions" name="test_a4t_o_t4a" time="0.001"></testcase><testcase classname="sknrf.utilities.tests.test_rf.Test4PortConversions" name="test_s4t" time="0.001"></testcase><testcase classname="sknrf.utilities.tests.test_rf.Test4PortConversions" name="test_s4t_t4s" time="0.002"></testcase><testcase classname="sknrf.utilities.tests.test_rf.Test4PortConversions" name="test_t4a" time="0.001"></testcase><testcase classname="sknrf.utilities.tests.test_rf.Test4PortConversions" name="test_t4a_o_a4t" time="0.001"></testcase><testcase classname="sknrf.utilities.tests.test_rf.Test4PortConversions" name="test_t4s" time="0.001"></testcase><testcase classname="sknrf.utilities.tests.test_rf.Test4PortConversions" name="test_t4s_s4t" time="0.002"></testcase><testcase classname="sknrf.utilities.tests.test_rf.Test4PortConversions" name="test_t4tp_o_tp4t" time="0.004"></testcase><testcase classname="sknrf.utilities.tests.test_rf.Test4PortConversions" name="test_tp4t_o_t4tp" time="0.004"></testcase><testcase classname="sknrf.utilities.tests.test_rf.TestRFSignalConversions" name="test_a2v_o_v2a" time="0.001"></testcase><testcase classname="sknrf.utilities.tests.test_rf.TestRFSignalConversions" name="test_a2v_o_v2a_bound_in_v" time="0.001"></testcase><testcase classname="sknrf.utilities.tests.test_rf.TestRFSignalConversions" name="test_a2v_o_v2a_bound_in_z0" time="0.001"></testcase><testcase classname="sknrf.utilities.tests.test_rf.TestRFSignalConversions" name="test_a2v_o_v2a_bound_off" time="0.000"></testcase><testcase classname="sknrf.utilities.tests.test_rf.TestRFSignalConversions" name="test_baz2viz_o_viz2baz" time="0.001"></testcase><testcase classname="sknrf.utilities.tests.test_rf.TestRFSignalConversions" name="test_baz2viz_o_viz2baz_bound_in_vi" time="0.001"></testcase><testcase classname="sknrf.utilities.tests.test_rf.TestRFSignalConversions" name="test_baz2viz_o_viz2baz_bound_in_z" time="0.001"></testcase><testcase classname="sknrf.utilities.tests.test_rf.TestRFSignalConversions" name="test_baz2viz_o_viz2baz_bound_off" time="0.001"></testcase><testcase classname="sknrf.utilities.tests.test_rf.TestRFSignalConversions" name="test_baz2viz_vs_a2v" time="0.001"></testcase><testcase classname="sknrf.utilities.tests.test_rf.TestRFSignalConversions" name="test_g2vswr_o_vswr2g" time="0.000"></testcase><testcase classname="sknrf.utilities.tests.test_rf.TestRFSignalConversions" name="test_g2vswr_o_vswr2g_bound_in_vswr" time="0.001"></testcase><testcase classname="sknrf.utilities.tests.test_rf.TestRFSignalConversions" name="test_g2z_o_z2g" time="0.001"></testcase><testcase classname="sknrf.utilities.tests.test_rf.TestRFSignalConversions" name="test_g2z_o_z2g_bound_in_z" time="0.001"></testcase><testcase classname="sknrf.utilities.tests.test_rf.TestRFSignalConversions" name="test_g2z_o_z2g_bound_off" time="0.000"></testcase><testcase classname="sknrf.utilities.tests.test_rf.TestRFSignalConversions" name="test_v2a_o_a2v" time="0.000"></testcase><testcase classname="sknrf.utilities.tests.test_rf.TestRFSignalConversions" name="test_v2a_o_a2v_bound_in_a" time="0.001"></testcase><testcase classname="sknrf.utilities.tests.test_rf.TestRFSignalConversions" name="test_v2a_o_a2v_bound_in_z0" time="0.001"></testcase><testcase classname="sknrf.utilities.tests.test_rf.TestRFSignalConversions" name="test_v2a_o_a2v_bound_off" time="0.000"></testcase><testcase classname="sknrf.utilities.tests.test_rf.TestRFSignalConversions" name="test_viz2baz_o_baz2viz" time="0.001"></testcase><testcase classname="sknrf.utilities.tests.test_rf.TestRFSignalConversions" name="test_viz2baz_o_baz2viz_bound_in_ba" time="0.001"></testcase><testcase classname="sknrf.utilities.tests.test_rf.TestRFSignalConversions" name="test_viz2baz_o_baz2viz_bound_in_z" time="0.001"></testcase><testcase classname="sknrf.utilities.tests.test_rf.TestRFSignalConversions" name="test_viz2baz_o_baz2viz_bound_off" time="0.001"></testcase><testcase classname="sknrf.utilities.tests.test_rf.TestRFSignalConversions" name="test_viz2baz_vs_v2a" time="0.001"></testcase><testcase classname="sknrf.utilities.tests.test_rf.TestRFSignalConversions" name="test_vswr2g_o_g2vswr_bound_in_g" time="0.000"></testcase><testcase classname="sknrf.utilities.tests.test_rf.TestRFSignalConversions" name="test_z2g_o_g2z" time="0.000"></testcase><testcase classname="sknrf.utilities.tests.test_rf.TestRFSignalConversions" name="test_z2g_o_g2z_bound_in_g" time="0.000"></testcase><testcase classname="sknrf.utilities.tests.test_rf.TestRFSignalConversions" name="test_z2g_o_g2z_bound_in_z0" time="0.001"></testcase><testcase classname="sknrf.utilities.tests.test_rf.TestRFSignalConversions" name="test_z2g_o_g2z_bound_off" time="0.000"></testcase></testsuite>